#
# A fatal error has been detected by the Java Runtime Environment:
#
#  EXCEPTION_ACCESS_VIOLATION (0xc0000005) at pc=0x000001a548bb0fa4, pid=23924, tid=6328
#
# JRE version: OpenJDK Runtime Environment Temurin-21.0.4+7 (21.0.4+7) (build 21.0.4+7-LTS)
# Java VM: OpenJDK 64-Bit Server VM Temurin-21.0.4+7 (21.0.4+7-LTS, mixed mode, emulated-client, sharing, tiered, compressed oops, compressed class ptrs, g1 gc, windows-amd64)
# Problematic frame:
# v  ~BufferBlob::MethodHandles adapters 0x000001a548bb0fa4
#
# No core dump will be written. Minidumps are not enabled by default on client versions of Windows
#
# If you would like to submit a bug report, please visit:
#   https://github.com/adoptium/adoptium-support/issues
#

---------------  S U M M A R Y ------------

Command Line: -XX:+ShowCodeDetailsInExceptionMessages -agentlib:jdwp=transport=dt_socket,suspend=y,address=localhost:64787 -Dcom.sun.management.jmxremote -Dcom.sun.management.jmxremote.port=64784 -Dcom.sun.management.jmxremote.authenticate=false -Dcom.sun.management.jmxremote.ssl=false -Djava.rmi.server.hostname=localhost -Dspring.jmx.enabled=true -Dmanagement.endpoints.jmx.exposure.include=* -Dspring.application.admin.enabled=true -XX:TieredStopAtLevel=1 -Dspring.boot.project.name=task-management -javaagent:C:\pleiades\2024-09\eclipse\configuration\org.eclipse.osgi\251\0\.cp\lib\javaagent-shaded.jar -Dfile.encoding=UTF-8 -Dstdout.encoding=UTF-8 -Dstderr.encoding=UTF-8 jp.rm.personal.TaskManagementApplication --spring.output.ansi.enabled=always

Host: AMD Ryzen 7 5825U with Radeon Graphics         , 16 cores, 15G,  Windows 11 , 64 bit Build 22621 (10.0.22621.4391)
Time: Wed Nov 20 15:50:56 2024  Windows 11 , 64 bit Build 22621 (10.0.22621.4391) elapsed time: 154.841301 seconds (0d 0h 2m 34s)

---------------  T H R E A D  ---------------

Current thread (0x000001a59cf693e0):  JavaThread "http-nio-8080-exec-10" daemon [_thread_in_Java, id=6328, stack(0x0000009a8f900000,0x0000009a8fa00000) (1024K)]

Stack: [0x0000009a8f900000,0x0000009a8fa00000],  sp=0x0000009a8f9fa998,  free space=1002k
Native frames: (J=compiled Java code, j=interpreted, Vv=VM code, C=native code)
C  0x000001a548bb0fa4

The last pc belongs to _linkToVirtual (printed below).

siginfo: EXCEPTION_ACCESS_VIOLATION (0xc0000005), reading address 0xffffffffffffffff


Registers:
RAX=0x000001a548b8958b, RBX=0x0000000715033128, RCX=0x0000009a8f9fa9b0, RDX=0x0000000000000004
RSP=0x0000009a8f9fa998, RBP=0x0000009a8f9fa9f8, RSI=0x000001a599b99d08, RDI=0x000001a59d891040
R8 =0x0000000000000004, R9 =0x0000000000000004, R10=0x000001a5ea65c276, R11=0xe188ee17e2a0662d
R12=0x0000000000000000, R13=0x0000009a8f9fa998, R14=0x0000009a8f9faa28, R15=0x000001a59cf693e0
RIP=0x000001a548bb0fa4, EFLAGS=0x0000000000010202


Register to memory mapping:

RAX=0x000001a548b8958b is at code_begin+4363 in an Interpreter codelet
return entry points  [0x000001a548b88480, 0x000001a548b8a298]  7704 bytes
RBX=0x0000000715033128 is an oop: org.springframework.validation.BeanPropertyBindingResult 
{0x0000000715033128} - klass: 'org/springframework/validation/BeanPropertyBindingResult'
 - ---- fields (total size 8 words):
 - private 'nestedPath' 'Ljava/lang/String;' @12  ""{0x000000070a877dc8} (0xe150efb9)
 - private final 'nestedPathStack' 'Ljava/util/Deque;' @16  a 'java/util/ArrayDeque'{0x0000000715033168} (0xe2a0662d)
 - private final 'objectName' 'Ljava/lang/String;' @20  "user"{0x000000070c4770b8} (0xe188ee17)
 - private 'messageCodesResolver' 'Lorg/springframework/validation/MessageCodesResolver;' @24  a 'org/springframework/validation/DefaultMessageCodesResolver'{0x00000007150331d8} (0xe2a0663b)
 - private final 'errors' 'Ljava/util/List;' @28  a 'java/util/ArrayList'{0x00000007150331f0} (0xe2a0663e)
 - private final 'fieldTypes' 'Ljava/util/Map;' @32  a 'java/util/HashMap'{0x0000000715033208} (0xe2a06641)
 - private final 'fieldValues' 'Ljava/util/Map;' @36  a 'java/util/HashMap'{0x0000000715033238} (0xe2a06647)
 - private final 'suppressedFields' 'Ljava/util/Set;' @40  a 'java/util/HashSet'{0x0000000715033268} (0xe2a0664d)
 - private transient 'conversionService' 'Lorg/springframework/core/convert/ConversionService;' @44  a 'org/springframework/boot/autoconfigure/web/format/WebConversionService'{0x000000070c26b338} (0xe184d667)
 - private final 'autoGrowCollectionLimit' 'I' @48  256 (0x00000100)
 - private final 'autoGrowNestedPaths' 'Z' @52  true (0x01)
 - private final 'target' 'Ljava/lang/Object;' @56  a 'jp/rm/personal/model/SiteUser'{0x0000000715032f20} (0xe2a065e4)
 - private transient 'beanWrapper' 'Lorg/springframework/beans/BeanWrapper;' @60  a 'org/springframework/beans/BeanWrapperImpl'{0x00000007150332a8} (0xe2a06655)
RCX=0x0000009a8f9fa9b0 is pointing into the stack for thread: 0x000001a59cf693e0
RDX=0x0000000000000004 is an unknown value
RSP=0x0000009a8f9fa998 is pointing into the stack for thread: 0x000001a59cf693e0
RBP=0x0000009a8f9fa9f8 is pointing into the stack for thread: 0x000001a59cf693e0
RSI=0x000001a599b99d08 points into unknown readable memory: 0x80000f47168751c8 | c8 51 87 16 47 0f 00 80
RDI=0x000001a59d891040 points into unknown readable memory: 0x0000002800000080 | 80 00 00 00 28 00 00 00
R8 =0x0000000000000004 is an unknown value
R9 =0x0000000000000004 is an unknown value
R10=0x000001a5ea65c276 is an unknown value
R11=0xe188ee17e2a0662d is an unknown value
R12=0x0 is null
R13=0x0000009a8f9fa998 is pointing into the stack for thread: 0x000001a59cf693e0
R14=0x0000009a8f9faa28 is pointing into the stack for thread: 0x000001a59cf693e0
R15=0x000001a59cf693e0 is a thread

Top of Stack: (sp=0x0000009a8f9fa998)
0x0000009a8f9fa998:   000001a548b8958b 0000000715032f20
0x0000009a8f9fa9a8:   000000070ce758b8 0000009a8f9fa9b0
0x0000009a8f9fa9b8:   000001a59665c276 0000000000000006
0x0000009a8f9fa9c8:   000001a59665c3c8 0000009a8f9faa98
0x0000009a8f9fa9d8:   000000070ac1b6b8 000001a59665c288
0x0000009a8f9fa9e8:   0000009a8f9fa998 0000009a8f9faa30
0x0000009a8f9fa9f8:   0000009a8f9faa98 000001a548b8958b
0x0000009a8f9faa08:   0000000715073a58 0000000715033128
0x0000009a8f9faa18:   0000000715032f20 000000070ce758b8
0x0000009a8f9faa28:   0000000715073c18 0000000715033128
0x0000009a8f9faa38:   0000000715032f20 000000070ce758b8
0x0000009a8f9faa48:   0000000715073c18 0000009a8f9faa50
0x0000009a8f9faa58:   000001a597054b01 000000000000000c
0x0000009a8f9faa68:   000001a597054c50 0000000000000000
0x0000009a8f9faa78:   000000070ba2ba30 000001a597054b10
0x0000009a8f9faa88:   0000009a8f9faa30 0000009a8f9fab00
0x0000009a8f9faa98:   0000009a8f9fadb8 000001a54982c6aa
0x0000009a8f9faaa8:   0000000715073c18 0000000715033128
0x0000009a8f9faab8:   0000000715073e18 000000070ce758b8
0x0000009a8f9faac8:   0000000715073f18 0000000715032f20
0x0000009a8f9faad8:   0000000715074020 0000000715033128
0x0000009a8f9faae8:   0000000715032f20 000000070ce758b8
0x0000009a8f9faaf8:   0000000715074070 0000009a00000000
0x0000009a8f9fab08:   000000070c4122e8 000000070ac25ca0
0x0000009a8f9fab18:   00000007150740a0 0000000715074070
0x0000009a8f9fab28:   000001a500000001 000000070ac25ca0
0x0000009a8f9fab38:   0000000710417418 000000070c411ea0
0x0000009a8f9fab48:   00007ffab79fcd64 0000009a8f9fadb8
0x0000009a8f9fab58:   000001a548fae16c 0000009a8f9f97a0
0x0000009a8f9fab68:   0000009a8f9f9809 0000009a8f9fadb8
0x0000009a8f9fab78:   000001a549a5ed74 0000000000000000
0x0000009a8f9fab88:   0000000000000000 0000000000000000 

Instructions: (pc=0x000001a548bb0fa4)
0x000001a548bb0ea4:   a5 01 00 00 00 0f bb 48 a5 01 00 00 80 1f bb 48
0x000001a548bb0eb4:   a5 01 00 00 f0 0e bb 48 a5 01 00 00 f0 0e bb 48
0x000001a548bb0ec4:   a5 01 00 00 00 00 00 00 00 00 00 00 d8 26 da b7
0x000001a548bb0ed4:   fa 7f 00 00 f0 10 00 00 60 00 00 00 ff ff ff ff
0x000001a548bb0ee4:   f0 10 00 00 00 00 00 00 00 00 00 00 00 00 00 00
0x000001a548bb0ef4:   00 00 00 00 00 00 00 00 00 00 00 00 f4 66 66 66
0x000001a548bb0f04:   0f 1f 84 00 00 00 00 00 66 66 0f 1f 84 00 00 00
0x000001a548bb0f14:   00 00 66 66 0f 1f 84 00 00 00 00 00 48 8b 53 08
0x000001a548bb0f24:   0f b7 52 2e 48 8b 0c d4 8b 59 14 48 c1 e3 03 8b
0x000001a548bb0f34:   5b 28 48 c1 e3 03 8b 5b 24 48 c1 e3 03 48 8b 5b
0x000001a548bb0f44:   10 48 85 db 0f 84 10 00 00 00 41 80 bf e0 05 00
0x000001a548bb0f54:   00 00 74 03 ff 63 38 ff 63 50 e9 9d 16 00 00 66
0x000001a548bb0f64:   66 66 0f 1f 84 00 00 00 00 00 66 0f 1f 84 00 00
0x000001a548bb0f74:   00 00 00 66 0f 1f 84 00 00 00 00 00 48 8b 53 08
0x000001a548bb0f84:   0f b7 52 2e 48 8b 0c d4 58 5b 50 44 8b 51 08 49
0x000001a548bb0f94:   bb 00 00 00 54 a5 01 00 00 4d 03 d3 4c 8b 5b 10
0x000001a548bb0fa4:   4b 8b 9c da c8 01 00 00 48 85 db 0f 84 10 00 00
0x000001a548bb0fb4:   00 41 80 bf e0 05 00 00 00 74 03 ff 63 38 ff 63
0x000001a548bb0fc4:   50 e9 36 16 00 00 66 66 66 0f 1f 84 00 00 00 00
0x000001a548bb0fd4:   00 66 66 66 0f 1f 84 00 00 00 00 00 58 5b 50 8b
0x000001a548bb0fe4:   5b 24 48 c1 e3 03 48 8b 5b 10 48 85 db 0f 84 10
0x000001a548bb0ff4:   00 00 00 41 80 bf e0 05 00 00 00 74 03 ff 63 38
0x000001a548bb1004:   ff 63 50 e9 f4 15 00 00 66 66 0f 1f 84 00 00 00
0x000001a548bb1014:   00 00 66 66 0f 1f 84 00 00 00 00 00 48 8b 53 08
0x000001a548bb1024:   0f b7 52 2e 48 8b 0c d4 58 5b 50 48 3b 01 8b 5b
0x000001a548bb1034:   24 48 c1 e3 03 48 8b 5b 10 48 85 db 0f 84 10 00
0x000001a548bb1044:   00 00 41 80 bf e0 05 00 00 00 74 03 ff 63 38 ff
0x000001a548bb1054:   63 50 e9 a5 15 00 00 0f 1f 44 00 00 48 8b 53 08
0x000001a548bb1064:   0f b7 52 2e 48 8b 0c d4 58 5b 50 44 8b 51 08 49
0x000001a548bb1074:   bb 00 00 00 54 a5 01 00 00 4d 03 d3 8b 43 18 48
0x000001a548bb1084:   c1 e0 03 48 8b 40 10 48 8b 5b 10 45 8b 9a a0 00
0x000001a548bb1094:   00 00 4f 8d 9c da c8 01 00 00 4d 8d 14 da 49 8b 


Stack slot to memory mapping:

stack at sp + 0 slots: 0x000001a548b8958b is at code_begin+4363 in an Interpreter codelet
return entry points  [0x000001a548b88480, 0x000001a548b8a298]  7704 bytes
stack at sp + 1 slots: 0x0000000715032f20 is an oop: jp.rm.personal.model.SiteUser 
{0x0000000715032f20} - klass: 'jp/rm/personal/model/SiteUser'
 - ---- fields (total size 5 words):
 - private 'admin' 'Z' @12  false (0x00)
 - private 'id' 'Ljava/lang/Long;' @16  null (0x00000000)
 - private 'username' 'Ljava/lang/String;' @20  ""{0x000000070a877dc8} (0xe150efb9)
 - private 'password' 'Ljava/lang/String;' @24  ""{0x000000070a877dc8} (0xe150efb9)
 - private 'email' 'Ljava/lang/String;' @28  ""{0x000000070a877dc8} (0xe150efb9)
 - private 'authority' 'Ljp/rm/personal/util/Authority;' @32  null (0x00000000)
stack at sp + 2 slots: 0x000000070ce758b8 is an oop: jp.rm.personal.controller.TaskController 
{0x000000070ce758b8} - klass: 'jp/rm/personal/controller/TaskController'
 - ---- fields (total size 3 words):
 - private final 'userRepository' 'Ljp/rm/personal/repository/SiteUserRepository;' @12  a 'jdk/proxy4/$Proxy123'{0x000000070c2709c0} (0xe184e138)
 - private final 'passwordEncoder' 'Lorg/springframework/security/crypto/password/PasswordEncoder;' @16  a 'org/springframework/security/crypto/bcrypt/BCryptPasswordEncoder'{0x000000070c2704b8} (0xe184e097)
 - private final 'taskRepository' 'Ljp/rm/personal/repository/TaskRepository;' @20  a 'jdk/proxy4/$Proxy126'{0x000000070ceb6a28} (0xe19d6d45)
stack at sp + 3 slots: 0x0000009a8f9fa9b0 is pointing into the stack for thread: 0x000001a59cf693e0
stack at sp + 4 slots: 0x000001a59665c276 is pointing into metadata
stack at sp + 5 slots: 0x0000000000000006 is an unknown value
stack at sp + 6 slots: 0x000001a59665c3c8 is pointing into metadata
stack at sp + 7 slots: 0x0000009a8f9faa98 is pointing into the stack for thread: 0x000001a59cf693e0

MethodHandle::interpreter_entry::_linkToVirtual [0x000001a548bb0f63, 0x000001a548bb0fca] (103 bytes)
[MachCode]
  0x000001a548bb0f63: 6666 660f | 1f84 0000 | 0000 0066 | 0f1f 8400 | 0000 0000 | 660f 1f84 | 0000 0000 | 0048 8b53 
  0x000001a548bb0f83: 080f b752 | 2e48 8b0c | d458 5b50 | 448b 5108 | 49bb 0000 | 0054 a501 | 0000 4d03 | d34c 8b5b 
  0x000001a548bb0fa3: 104b 8b9c | dac8 0100 | 0048 85db | 0f84 1000 | 0000 4180 | bfe0 0500 | 0000 7403 | ff63 38ff 
  0x000001a548bb0fc3: 6350 e936 | 
[/MachCode]

---------------  P R O C E S S  ---------------

Threads class SMR info:
_java_thread_list=0x000001a59cfeff60, length=38, elements={
0x000001a55337ab00, 0x000001a55337f180, 0x000001a5533820c0, 0x000001a5533849c0,
0x000001a55338e1a0, 0x000001a55338e810, 0x000001a59900f6d0, 0x000001a5990f78b0,
0x000001a5991a0710, 0x000001a5991a9450, 0x000001a5991a9ad0, 0x000001a599a62060,
0x000001a599cc61b0, 0x000001a599cbb540, 0x000001a599cd4100, 0x000001a59a2d51b0,
0x000001a59a2d6c60, 0x000001a59a2f3630, 0x000001a59a2f1560, 0x000001a59a2f2910,
0x000001a59a2f0840, 0x000001a59a2f2fa0, 0x000001a59a2f0ed0, 0x000001a59cf66c80,
0x000001a59cf679a0, 0x000001a59cf6b4b0, 0x000001a59cf6cef0, 0x000001a59cf6d580,
0x000001a59cf6a100, 0x000001a59cf69a70, 0x000001a59cf6bb40, 0x000001a59cf6c1d0,
0x000001a59cf67310, 0x000001a59cf6c860, 0x000001a59cf693e0, 0x000001a59cf6dc10,
0x000001a59cf6a790, 0x000001a59cf6e2a0
}

Java Threads: ( => current thread )
  0x000001a55337ab00 JavaThread "Reference Handler"          daemon [_thread_blocked, id=17868, stack(0x0000009a8be00000,0x0000009a8bf00000) (1024K)]
  0x000001a55337f180 JavaThread "Finalizer"                  daemon [_thread_blocked, id=18620, stack(0x0000009a8bf00000,0x0000009a8c000000) (1024K)]
  0x000001a5533820c0 JavaThread "Signal Dispatcher"          daemon [_thread_blocked, id=23408, stack(0x0000009a8c000000,0x0000009a8c100000) (1024K)]
  0x000001a5533849c0 JavaThread "Attach Listener"            daemon [_thread_blocked, id=13372, stack(0x0000009a8c100000,0x0000009a8c200000) (1024K)]
  0x000001a55338e1a0 JavaThread "Service Thread"             daemon [_thread_blocked, id=5912, stack(0x0000009a8c200000,0x0000009a8c300000) (1024K)]
  0x000001a55338e810 JavaThread "Monitor Deflation Thread"   daemon [_thread_blocked, id=22088, stack(0x0000009a8c300000,0x0000009a8c400000) (1024K)]
  0x000001a59900f6d0 JavaThread "C1 CompilerThread0"         daemon [_thread_blocked, id=11452, stack(0x0000009a8c400000,0x0000009a8c500000) (1024K)]
  0x000001a5990f78b0 JavaThread "Common-Cleaner"             daemon [_thread_blocked, id=15584, stack(0x0000009a8c500000,0x0000009a8c600000) (1024K)]
  0x000001a5991a0710 JavaThread "JDWP Transport Listener: dt_socket" daemon [_thread_blocked, id=1276, stack(0x0000009a8c900000,0x0000009a8ca00000) (1024K)]
  0x000001a5991a9450 JavaThread "JDWP Event Helper Thread"   daemon [_thread_blocked, id=22584, stack(0x0000009a8ca00000,0x0000009a8cb00000) (1024K)]
  0x000001a5991a9ad0 JavaThread "JDWP Command Reader"        daemon [_thread_in_native, id=14352, stack(0x0000009a8cb00000,0x0000009a8cc00000) (1024K)]
  0x000001a599a62060 JavaThread "Notification Thread"        daemon [_thread_blocked, id=13912, stack(0x0000009a8cc00000,0x0000009a8cd00000) (1024K)]
  0x000001a599cc61b0 JavaThread "RMI TCP Accept-0"           daemon [_thread_in_native, id=23336, stack(0x0000009a8d500000,0x0000009a8d600000) (1024K)]
  0x000001a599cbb540 JavaThread "RMI TCP Accept-64784"       daemon [_thread_in_native, id=13904, stack(0x0000009a8d600000,0x0000009a8d700000) (1024K)]
  0x000001a599cd4100 JavaThread "RMI TCP Accept-0"           daemon [_thread_in_native, id=22956, stack(0x0000009a8d700000,0x0000009a8d800000) (1024K)]
  0x000001a59a2d51b0 JavaThread "RMI Scheduler(0)"           daemon [_thread_blocked, id=19148, stack(0x0000009a8df00000,0x0000009a8e000000) (1024K)]
  0x000001a59a2d6c60 JavaThread "RMI TCP Connection(idle)"   daemon [_thread_blocked, id=17144, stack(0x0000009a8e000000,0x0000009a8e100000) (1024K)]
  0x000001a59a2f3630 JavaThread "JMX server connection timeout 54" daemon [_thread_blocked, id=9016, stack(0x0000009a8e100000,0x0000009a8e200000) (1024K)]
  0x000001a59a2f1560 JavaThread "Catalina-utility-1"                [_thread_blocked, id=12252, stack(0x0000009a8e200000,0x0000009a8e300000) (1024K)]
  0x000001a59a2f2910 JavaThread "Catalina-utility-2"                [_thread_blocked, id=5020, stack(0x0000009a8e800000,0x0000009a8e900000) (1024K)]
  0x000001a59a2f0840 JavaThread "container-0"                       [_thread_blocked, id=16956, stack(0x0000009a8e900000,0x0000009a8ea00000) (1024K)]
  0x000001a59a2f2fa0 JavaThread "mysql-cj-abandoned-connection-cleanup" daemon [_thread_blocked, id=11196, stack(0x0000009a8ea00000,0x0000009a8eb00000) (1024K)]
  0x000001a59a2f0ed0 JavaThread "HikariPool-1 housekeeper"   daemon [_thread_blocked, id=7288, stack(0x0000009a8ec00000,0x0000009a8ed00000) (1024K)]
  0x000001a59cf66c80 JavaThread "File Watcher"               daemon [_thread_blocked, id=15644, stack(0x0000009a8ee00000,0x0000009a8ef00000) (1024K)]
  0x000001a59cf679a0 JavaThread "Live Reload Server"         daemon [_thread_in_native, id=2016, stack(0x0000009a8ef00000,0x0000009a8f000000) (1024K)]
  0x000001a59cf6b4b0 JavaThread "http-nio-8080-exec-1"       daemon [_thread_blocked, id=10140, stack(0x0000009a8f000000,0x0000009a8f100000) (1024K)]
  0x000001a59cf6cef0 JavaThread "http-nio-8080-exec-2"       daemon [_thread_blocked, id=8488, stack(0x0000009a8f100000,0x0000009a8f200000) (1024K)]
  0x000001a59cf6d580 JavaThread "http-nio-8080-exec-3"       daemon [_thread_blocked, id=17920, stack(0x0000009a8f200000,0x0000009a8f300000) (1024K)]
  0x000001a59cf6a100 JavaThread "http-nio-8080-exec-4"       daemon [_thread_blocked, id=1920, stack(0x0000009a8f300000,0x0000009a8f400000) (1024K)]
  0x000001a59cf69a70 JavaThread "http-nio-8080-exec-5"       daemon [_thread_blocked, id=4500, stack(0x0000009a8f400000,0x0000009a8f500000) (1024K)]
  0x000001a59cf6bb40 JavaThread "http-nio-8080-exec-6"       daemon [_thread_blocked, id=24516, stack(0x0000009a8f500000,0x0000009a8f600000) (1024K)]
  0x000001a59cf6c1d0 JavaThread "http-nio-8080-exec-7"       daemon [_thread_blocked, id=22728, stack(0x0000009a8f600000,0x0000009a8f700000) (1024K)]
  0x000001a59cf67310 JavaThread "http-nio-8080-exec-8"       daemon [_thread_blocked, id=15620, stack(0x0000009a8f700000,0x0000009a8f800000) (1024K)]
  0x000001a59cf6c860 JavaThread "http-nio-8080-exec-9"       daemon [_thread_blocked, id=23396, stack(0x0000009a8f800000,0x0000009a8f900000) (1024K)]
=>0x000001a59cf693e0 JavaThread "http-nio-8080-exec-10"      daemon [_thread_in_Java, id=6328, stack(0x0000009a8f900000,0x0000009a8fa00000) (1024K)]
  0x000001a59cf6dc10 JavaThread "http-nio-8080-Poller"       daemon [_thread_in_native, id=2372, stack(0x0000009a8fa00000,0x0000009a8fb00000) (1024K)]
  0x000001a59cf6a790 JavaThread "http-nio-8080-Acceptor"     daemon [_thread_in_native, id=23676, stack(0x0000009a8fb00000,0x0000009a8fc00000) (1024K)]
  0x000001a59cf6e2a0 JavaThread "DestroyJavaVM"                     [_thread_blocked, id=2836, stack(0x0000009a8b600000,0x0000009a8b700000) (1024K)]
Total: 38

Other Threads:
  0x000001a553361b60 VMThread "VM Thread"                           [id=21340, stack(0x0000009a8bd00000,0x0000009a8be00000) (1024K)]
  0x000001a55334b390 WatcherThread "VM Periodic Task Thread"        [id=12604, stack(0x0000009a8bc00000,0x0000009a8bd00000) (1024K)]
  0x000001a540521bb0 WorkerThread "GC Thread#0"                     [id=17536, stack(0x0000009a8b700000,0x0000009a8b800000) (1024K)]
  0x000001a599c40e80 WorkerThread "GC Thread#1"                     [id=23928, stack(0x0000009a8cd00000,0x0000009a8ce00000) (1024K)]
  0x000001a599c41220 WorkerThread "GC Thread#2"                     [id=10856, stack(0x0000009a8ce00000,0x0000009a8cf00000) (1024K)]
  0x000001a599c41bd0 WorkerThread "GC Thread#3"                     [id=24272, stack(0x0000009a8cf00000,0x0000009a8d000000) (1024K)]
  0x000001a599c41f70 WorkerThread "GC Thread#4"                     [id=12920, stack(0x0000009a8d000000,0x0000009a8d100000) (1024K)]
  0x000001a599c0d120 WorkerThread "GC Thread#5"                     [id=22284, stack(0x0000009a8d100000,0x0000009a8d200000) (1024K)]
  0x000001a599c0d8d0 WorkerThread "GC Thread#6"                     [id=6432, stack(0x0000009a8d200000,0x0000009a8d300000) (1024K)]
  0x000001a599c0ea90 WorkerThread "GC Thread#7"                     [id=22256, stack(0x0000009a8d300000,0x0000009a8d400000) (1024K)]
  0x000001a599c0ef40 WorkerThread "GC Thread#8"                     [id=11132, stack(0x0000009a8d400000,0x0000009a8d500000) (1024K)]
  0x000001a59a20f350 WorkerThread "GC Thread#9"                     [id=22312, stack(0x0000009a8d800000,0x0000009a8d900000) (1024K)]
  0x000001a59a20f6f0 WorkerThread "GC Thread#10"                    [id=13984, stack(0x0000009a8d900000,0x0000009a8da00000) (1024K)]
  0x000001a59a20e870 WorkerThread "GC Thread#11"                    [id=23540, stack(0x0000009a8da00000,0x0000009a8db00000) (1024K)]
  0x000001a59a20e4d0 WorkerThread "GC Thread#12"                    [id=23168, stack(0x0000009a8db00000,0x0000009a8dc00000) (1024K)]
  0x000001a540532150 ConcurrentGCThread "G1 Main Marker"            [id=24336, stack(0x0000009a8b800000,0x0000009a8b900000) (1024K)]
  0x000001a5405345b0 WorkerThread "G1 Conc#0"                       [id=24424, stack(0x0000009a8b900000,0x0000009a8ba00000) (1024K)]
  0x000001a59a765790 WorkerThread "G1 Conc#1"                       [id=4640, stack(0x0000009a8e300000,0x0000009a8e400000) (1024K)]
  0x000001a59a766610 WorkerThread "G1 Conc#2"                       [id=24288, stack(0x0000009a8e400000,0x0000009a8e500000) (1024K)]
  0x000001a54056e780 ConcurrentGCThread "G1 Refine#0"               [id=24572, stack(0x0000009a8ba00000,0x0000009a8bb00000) (1024K)]
  0x000001a55321e450 ConcurrentGCThread "G1 Service"                [id=2616, stack(0x0000009a8bb00000,0x0000009a8bc00000) (1024K)]
Total: 21

Threads with active compile tasks:
Total: 0

VM state: not at safepoint (normal execution)

VM Mutex/Monitor currently owned by a thread: None

Heap address: 0x000000070a400000, size: 3932 MB, Compressed Oops mode: Zero based, Oop shift amount: 3

CDS archive(s) mapped at: [0x000001a554000000-0x000001a554c90000-0x000001a554c90000), size 13172736, SharedBaseAddress: 0x000001a554000000, ArchiveRelocationMode: 1.
Compressed class space mapped at: 0x000001a555000000-0x000001a595000000, reserved size: 1073741824
Narrow klass base: 0x000001a554000000, Narrow klass shift: 0, Narrow klass range: 0x100000000

GC Precious Log:
 CardTable entry size: 512
 Card Set container configuration: InlinePtr #cards 4 size 8 Array Of Cards #cards 16 size 48 Howl #buckets 8 coarsen threshold 3686 Howl Bitmap #cards 512 size 80 coarsen threshold 460 Card regions per heap region 1 cards per card region 4096
 CPUs: 16 total, 16 available
 Memory: 15720M
 Large Page Support: Disabled
 NUMA Support: Disabled
 Compressed Oops: Enabled (Zero based)
 Heap Region Size: 2M
 Heap Min Capacity: 8M
 Heap Initial Capacity: 246M
 Heap Max Capacity: 3932M
 Pre-touch: Disabled
 Parallel Workers: 13
 Concurrent Workers: 3
 Concurrent Refinement Workers: 13
 Periodic GC: Disabled

Heap:
 garbage-first heap   total 208896K, used 146094K [0x000000070a400000, 0x0000000800000000)
  region size 2048K, 44 young (90112K), 6 survivors (12288K)
 Metaspace       used 86761K, committed 87936K, reserved 1179648K
  class space    used 12018K, committed 12544K, reserved 1048576K

Heap Regions: E=young(eden), S=young(survivor), O=old, HS=humongous(starts), HC=humongous(continues), CS=collection set, F=free, TAMS=top-at-mark-start, PB=parsable bottom
|   0|0x000000070a400000, 0x000000070a600000, 0x000000070a600000|100%| O|  |TAMS 0x000000070a400000| PB 0x000000070a400000| Untracked 
|   1|0x000000070a600000, 0x000000070a800000, 0x000000070a800000|100%| O|  |TAMS 0x000000070a600000| PB 0x000000070a600000| Untracked 
|   2|0x000000070a800000, 0x000000070aa00000, 0x000000070aa00000|100%| O|  |TAMS 0x000000070a800000| PB 0x000000070a800000| Untracked 
|   3|0x000000070aa00000, 0x000000070ac00000, 0x000000070ac00000|100%| O|  |TAMS 0x000000070aa00000| PB 0x000000070aa00000| Untracked 
|   4|0x000000070ac00000, 0x000000070ae00000, 0x000000070ae00000|100%| O|  |TAMS 0x000000070ac00000| PB 0x000000070ac00000| Untracked 
|   5|0x000000070ae00000, 0x000000070b000000, 0x000000070b000000|100%| O|  |TAMS 0x000000070ae00000| PB 0x000000070ae00000| Untracked 
|   6|0x000000070b000000, 0x000000070b200000, 0x000000070b200000|100%| O|  |TAMS 0x000000070b000000| PB 0x000000070b000000| Untracked 
|   7|0x000000070b200000, 0x000000070b400000, 0x000000070b400000|100%| O|  |TAMS 0x000000070b200000| PB 0x000000070b200000| Untracked 
|   8|0x000000070b400000, 0x000000070b600000, 0x000000070b600000|100%| O|  |TAMS 0x000000070b400000| PB 0x000000070b400000| Untracked 
|   9|0x000000070b600000, 0x000000070b800000, 0x000000070b800000|100%| O|  |TAMS 0x000000070b600000| PB 0x000000070b600000| Untracked 
|  10|0x000000070b800000, 0x000000070ba00000, 0x000000070ba00000|100%| O|  |TAMS 0x000000070b800000| PB 0x000000070b800000| Untracked 
|  11|0x000000070ba00000, 0x000000070bc00000, 0x000000070bc00000|100%| O|  |TAMS 0x000000070ba00000| PB 0x000000070ba00000| Untracked 
|  12|0x000000070bc00000, 0x000000070be00000, 0x000000070be00000|100%| O|  |TAMS 0x000000070bc00000| PB 0x000000070bc00000| Untracked 
|  13|0x000000070be00000, 0x000000070c000000, 0x000000070c000000|100%| O|  |TAMS 0x000000070be00000| PB 0x000000070be00000| Untracked 
|  14|0x000000070c000000, 0x000000070c000000, 0x000000070c200000|  0%| F|  |TAMS 0x000000070c000000| PB 0x000000070c000000| Untracked 
|  15|0x000000070c200000, 0x000000070c400000, 0x000000070c400000|100%| O|  |TAMS 0x000000070c200000| PB 0x000000070c200000| Untracked 
|  16|0x000000070c400000, 0x000000070c600000, 0x000000070c600000|100%| O|  |TAMS 0x000000070c400000| PB 0x000000070c400000| Untracked 
|  17|0x000000070c600000, 0x000000070c800000, 0x000000070c800000|100%| O|Cm|TAMS 0x000000070c600000| PB 0x000000070c600000| Complete 
|  18|0x000000070c800000, 0x000000070ca00000, 0x000000070ca00000|100%| O|Cm|TAMS 0x000000070c800000| PB 0x000000070c800000| Complete 
|  19|0x000000070ca00000, 0x000000070cc00000, 0x000000070cc00000|100%| O|Cm|TAMS 0x000000070ca00000| PB 0x000000070ca00000| Complete 
|  20|0x000000070cc00000, 0x000000070ce00000, 0x000000070ce00000|100%| O|Cm|TAMS 0x000000070cc00000| PB 0x000000070cc00000| Complete 
|  21|0x000000070ce00000, 0x000000070d000000, 0x000000070d000000|100%| O|  |TAMS 0x000000070ce00000| PB 0x000000070ce00000| Untracked 
|  22|0x000000070d000000, 0x000000070d200000, 0x000000070d200000|100%| O|  |TAMS 0x000000070d000000| PB 0x000000070d000000| Untracked 
|  23|0x000000070d200000, 0x000000070d400000, 0x000000070d400000|100%| O|Cm|TAMS 0x000000070d200000| PB 0x000000070d200000| Complete 
|  24|0x000000070d400000, 0x000000070d600000, 0x000000070d600000|100%| O|  |TAMS 0x000000070d400000| PB 0x000000070d400000| Untracked 
|  25|0x000000070d600000, 0x000000070d800000, 0x000000070d800000|100%| O|Cm|TAMS 0x000000070d600000| PB 0x000000070d600000| Complete 
|  26|0x000000070d800000, 0x000000070da00000, 0x000000070da00000|100%| O|Cm|TAMS 0x000000070d800000| PB 0x000000070d800000| Complete 
|  27|0x000000070da00000, 0x000000070dc00000, 0x000000070dc00000|100%| O|  |TAMS 0x000000070da00000| PB 0x000000070da00000| Untracked 
|  28|0x000000070dc00000, 0x000000070de00000, 0x000000070de00000|100%| O|Cm|TAMS 0x000000070dc00000| PB 0x000000070dc00000| Complete 
|  29|0x000000070de00000, 0x000000070e000000, 0x000000070e000000|100%| O|Cm|TAMS 0x000000070de00000| PB 0x000000070de00000| Complete 
|  30|0x000000070e000000, 0x000000070e200000, 0x000000070e200000|100%| O|  |TAMS 0x000000070e000000| PB 0x000000070e000000| Untracked 
|  31|0x000000070e200000, 0x000000070e200000, 0x000000070e400000|  0%| F|  |TAMS 0x000000070e200000| PB 0x000000070e200000| Untracked 
|  32|0x000000070e400000, 0x000000070e400000, 0x000000070e600000|  0%| F|  |TAMS 0x000000070e400000| PB 0x000000070e400000| Untracked 
|  33|0x000000070e600000, 0x000000070e600000, 0x000000070e800000|  0%| F|  |TAMS 0x000000070e600000| PB 0x000000070e600000| Untracked 
|  34|0x000000070e800000, 0x000000070e800000, 0x000000070ea00000|  0%| F|  |TAMS 0x000000070e800000| PB 0x000000070e800000| Untracked 
|  35|0x000000070ea00000, 0x000000070ea00000, 0x000000070ec00000|  0%| F|  |TAMS 0x000000070ea00000| PB 0x000000070ea00000| Untracked 
|  36|0x000000070ec00000, 0x000000070ec00000, 0x000000070ee00000|  0%| F|  |TAMS 0x000000070ec00000| PB 0x000000070ec00000| Untracked 
|  37|0x000000070ee00000, 0x000000070ee00000, 0x000000070f000000|  0%| F|  |TAMS 0x000000070ee00000| PB 0x000000070ee00000| Untracked 
|  38|0x000000070f000000, 0x000000070f000000, 0x000000070f200000|  0%| F|  |TAMS 0x000000070f000000| PB 0x000000070f000000| Untracked 
|  39|0x000000070f200000, 0x000000070f200000, 0x000000070f400000|  0%| F|  |TAMS 0x000000070f200000| PB 0x000000070f200000| Untracked 
|  40|0x000000070f400000, 0x000000070f400000, 0x000000070f600000|  0%| F|  |TAMS 0x000000070f400000| PB 0x000000070f400000| Untracked 
|  41|0x000000070f600000, 0x000000070f600000, 0x000000070f800000|  0%| F|  |TAMS 0x000000070f600000| PB 0x000000070f600000| Untracked 
|  42|0x000000070f800000, 0x000000070f800000, 0x000000070fa00000|  0%| F|  |TAMS 0x000000070f800000| PB 0x000000070f800000| Untracked 
|  43|0x000000070fa00000, 0x000000070fa00000, 0x000000070fc00000|  0%| F|  |TAMS 0x000000070fa00000| PB 0x000000070fa00000| Untracked 
|  44|0x000000070fc00000, 0x000000070fcab820, 0x000000070fe00000| 33%| S|CS|TAMS 0x000000070fc00000| PB 0x000000070fc00000| Complete 
|  45|0x000000070fe00000, 0x0000000710000000, 0x0000000710000000|100%| S|CS|TAMS 0x000000070fe00000| PB 0x000000070fe00000| Complete 
|  46|0x0000000710000000, 0x0000000710200000, 0x0000000710200000|100%| S|CS|TAMS 0x0000000710000000| PB 0x0000000710000000| Complete 
|  47|0x0000000710200000, 0x0000000710400000, 0x0000000710400000|100%| S|CS|TAMS 0x0000000710200000| PB 0x0000000710200000| Complete 
|  48|0x0000000710400000, 0x0000000710600000, 0x0000000710600000|100%| S|CS|TAMS 0x0000000710400000| PB 0x0000000710400000| Complete 
|  49|0x0000000710600000, 0x0000000710800000, 0x0000000710800000|100%| S|CS|TAMS 0x0000000710600000| PB 0x0000000710600000| Complete 
|  50|0x0000000710800000, 0x0000000710800000, 0x0000000710a00000|  0%| F|  |TAMS 0x0000000710800000| PB 0x0000000710800000| Untracked 
|  51|0x0000000710a00000, 0x0000000710a00000, 0x0000000710c00000|  0%| F|  |TAMS 0x0000000710a00000| PB 0x0000000710a00000| Untracked 
|  52|0x0000000710c00000, 0x0000000710c00000, 0x0000000710e00000|  0%| F|  |TAMS 0x0000000710c00000| PB 0x0000000710c00000| Untracked 
|  53|0x0000000710e00000, 0x0000000710e00000, 0x0000000711000000|  0%| F|  |TAMS 0x0000000710e00000| PB 0x0000000710e00000| Untracked 
|  54|0x0000000711000000, 0x0000000711000000, 0x0000000711200000|  0%| F|  |TAMS 0x0000000711000000| PB 0x0000000711000000| Untracked 
|  55|0x0000000711200000, 0x0000000711200000, 0x0000000711400000|  0%| F|  |TAMS 0x0000000711200000| PB 0x0000000711200000| Untracked 
|  56|0x0000000711400000, 0x0000000711400000, 0x0000000711600000|  0%| F|  |TAMS 0x0000000711400000| PB 0x0000000711400000| Untracked 
|  57|0x0000000711600000, 0x0000000711600000, 0x0000000711800000|  0%| F|  |TAMS 0x0000000711600000| PB 0x0000000711600000| Untracked 
|  58|0x0000000711800000, 0x0000000711800000, 0x0000000711a00000|  0%| F|  |TAMS 0x0000000711800000| PB 0x0000000711800000| Untracked 
|  59|0x0000000711a00000, 0x0000000711a00000, 0x0000000711c00000|  0%| F|  |TAMS 0x0000000711a00000| PB 0x0000000711a00000| Untracked 
|  60|0x0000000711c00000, 0x0000000711c00000, 0x0000000711e00000|  0%| F|  |TAMS 0x0000000711c00000| PB 0x0000000711c00000| Untracked 
|  61|0x0000000711e00000, 0x0000000711e00000, 0x0000000712000000|  0%| F|  |TAMS 0x0000000711e00000| PB 0x0000000711e00000| Untracked 
|  62|0x0000000712000000, 0x0000000712000000, 0x0000000712200000|  0%| F|  |TAMS 0x0000000712000000| PB 0x0000000712000000| Untracked 
|  63|0x0000000712200000, 0x0000000712200000, 0x0000000712400000|  0%| F|  |TAMS 0x0000000712200000| PB 0x0000000712200000| Untracked 
|  64|0x0000000712400000, 0x0000000712600000, 0x0000000712600000|100%| E|  |TAMS 0x0000000712400000| PB 0x0000000712400000| Complete 
|  65|0x0000000712600000, 0x00000007127ffc48, 0x0000000712800000| 99%| E|  |TAMS 0x0000000712600000| PB 0x0000000712600000| Complete 
|  66|0x0000000712800000, 0x0000000712a00000, 0x0000000712a00000|100%| E|CS|TAMS 0x0000000712800000| PB 0x0000000712800000| Complete 
|  67|0x0000000712a00000, 0x0000000712c00000, 0x0000000712c00000|100%| E|CS|TAMS 0x0000000712a00000| PB 0x0000000712a00000| Complete 
|  68|0x0000000712c00000, 0x0000000712e00000, 0x0000000712e00000|100%| E|CS|TAMS 0x0000000712c00000| PB 0x0000000712c00000| Complete 
|  69|0x0000000712e00000, 0x0000000713000000, 0x0000000713000000|100%| E|CS|TAMS 0x0000000712e00000| PB 0x0000000712e00000| Complete 
|  70|0x0000000713000000, 0x0000000713200000, 0x0000000713200000|100%| E|CS|TAMS 0x0000000713000000| PB 0x0000000713000000| Complete 
|  71|0x0000000713200000, 0x0000000713400000, 0x0000000713400000|100%| E|CS|TAMS 0x0000000713200000| PB 0x0000000713200000| Complete 
|  72|0x0000000713400000, 0x0000000713600000, 0x0000000713600000|100%| E|CS|TAMS 0x0000000713400000| PB 0x0000000713400000| Complete 
|  73|0x0000000713600000, 0x0000000713800000, 0x0000000713800000|100%| E|CS|TAMS 0x0000000713600000| PB 0x0000000713600000| Complete 
|  74|0x0000000713800000, 0x0000000713a00000, 0x0000000713a00000|100%| E|CS|TAMS 0x0000000713800000| PB 0x0000000713800000| Complete 
|  75|0x0000000713a00000, 0x0000000713c00000, 0x0000000713c00000|100%| E|CS|TAMS 0x0000000713a00000| PB 0x0000000713a00000| Complete 
|  76|0x0000000713c00000, 0x0000000713e00000, 0x0000000713e00000|100%| E|CS|TAMS 0x0000000713c00000| PB 0x0000000713c00000| Complete 
|  77|0x0000000713e00000, 0x0000000714000000, 0x0000000714000000|100%| E|CS|TAMS 0x0000000713e00000| PB 0x0000000713e00000| Complete 
|  78|0x0000000714000000, 0x0000000714200000, 0x0000000714200000|100%| E|CS|TAMS 0x0000000714000000| PB 0x0000000714000000| Complete 
|  79|0x0000000714200000, 0x0000000714400000, 0x0000000714400000|100%| E|CS|TAMS 0x0000000714200000| PB 0x0000000714200000| Complete 
|  80|0x0000000714400000, 0x0000000714600000, 0x0000000714600000|100%| E|CS|TAMS 0x0000000714400000| PB 0x0000000714400000| Complete 
|  81|0x0000000714600000, 0x0000000714800000, 0x0000000714800000|100%| E|CS|TAMS 0x0000000714600000| PB 0x0000000714600000| Complete 
|  82|0x0000000714800000, 0x0000000714a00000, 0x0000000714a00000|100%| E|CS|TAMS 0x0000000714800000| PB 0x0000000714800000| Complete 
|  83|0x0000000714a00000, 0x0000000714c00000, 0x0000000714c00000|100%| E|CS|TAMS 0x0000000714a00000| PB 0x0000000714a00000| Complete 
|  84|0x0000000714c00000, 0x0000000714e00000, 0x0000000714e00000|100%| E|CS|TAMS 0x0000000714c00000| PB 0x0000000714c00000| Complete 
|  85|0x0000000714e00000, 0x0000000715000000, 0x0000000715000000|100%| E|CS|TAMS 0x0000000714e00000| PB 0x0000000714e00000| Complete 
|  86|0x0000000715000000, 0x0000000715200000, 0x0000000715200000|100%| E|CS|TAMS 0x0000000715000000| PB 0x0000000715000000| Complete 
|  87|0x0000000715200000, 0x0000000715400000, 0x0000000715400000|100%| E|CS|TAMS 0x0000000715200000| PB 0x0000000715200000| Complete 
|  88|0x0000000715400000, 0x0000000715600000, 0x0000000715600000|100%| E|CS|TAMS 0x0000000715400000| PB 0x0000000715400000| Complete 
|  89|0x0000000715600000, 0x0000000715800000, 0x0000000715800000|100%| E|CS|TAMS 0x0000000715600000| PB 0x0000000715600000| Complete 
|  90|0x0000000715800000, 0x0000000715a00000, 0x0000000715a00000|100%| E|CS|TAMS 0x0000000715800000| PB 0x0000000715800000| Complete 
|  91|0x0000000715a00000, 0x0000000715c00000, 0x0000000715c00000|100%| E|CS|TAMS 0x0000000715a00000| PB 0x0000000715a00000| Complete 
|  92|0x0000000715c00000, 0x0000000715e00000, 0x0000000715e00000|100%| E|CS|TAMS 0x0000000715c00000| PB 0x0000000715c00000| Complete 
|  93|0x0000000715e00000, 0x0000000716000000, 0x0000000716000000|100%| E|CS|TAMS 0x0000000715e00000| PB 0x0000000715e00000| Complete 
|  94|0x0000000716000000, 0x0000000716200000, 0x0000000716200000|100%| E|CS|TAMS 0x0000000716000000| PB 0x0000000716000000| Complete 
|  95|0x0000000716200000, 0x0000000716400000, 0x0000000716400000|100%| E|CS|TAMS 0x0000000716200000| PB 0x0000000716200000| Complete 
|  96|0x0000000716400000, 0x0000000716600000, 0x0000000716600000|100%| E|CS|TAMS 0x0000000716400000| PB 0x0000000716400000| Complete 
|  97|0x0000000716600000, 0x0000000716800000, 0x0000000716800000|100%| E|CS|TAMS 0x0000000716600000| PB 0x0000000716600000| Complete 
|  98|0x0000000716800000, 0x0000000716a00000, 0x0000000716a00000|100%| E|CS|TAMS 0x0000000716800000| PB 0x0000000716800000| Complete 
|  99|0x0000000716a00000, 0x0000000716c00000, 0x0000000716c00000|100%| E|CS|TAMS 0x0000000716a00000| PB 0x0000000716a00000| Complete 
| 100|0x0000000716c00000, 0x0000000716e00000, 0x0000000716e00000|100%| E|CS|TAMS 0x0000000716c00000| PB 0x0000000716c00000| Complete 
| 122|0x0000000719800000, 0x0000000719a00000, 0x0000000719a00000|100%| E|CS|TAMS 0x0000000719800000| PB 0x0000000719800000| Complete 

Card table byte_map: [0x000001a54c990000,0x000001a54d140000] _byte_map_base: 0x000001a54913e000

Marking Bits: (CMBitMap*) 0x000001a5405222b0
 Bits: [0x000001a54d140000, 0x000001a550eb0000)

Polling page: 0x000001a53e410000

Metaspace:

Usage:
  Non-class:     72.99 MB used.
      Class:     11.74 MB used.
       Both:     84.73 MB used.

Virtual space:
  Non-class space:      128.00 MB reserved,      73.62 MB ( 58%) committed,  2 nodes.
      Class space:        1.00 GB reserved,      12.25 MB (  1%) committed,  1 nodes.
             Both:        1.12 GB reserved,      85.88 MB (  7%) committed. 

Chunk freelists:
   Non-Class:  5.88 MB
       Class:  3.69 MB
        Both:  9.56 MB

MaxMetaspaceSize: unlimited
CompressedClassSpaceSize: 1.00 GB
Initial GC threshold: 21.00 MB
Current GC threshold: 122.31 MB
CDS: on
 - commit_granule_bytes: 65536.
 - commit_granule_words: 8192.
 - virtual_space_node_default_size: 8388608.
 - enlarge_chunks_in_place: 1.
 - use_allocation_guard: 0.


Internal statistics:

num_allocs_failed_limit: 6.
num_arena_births: 1924.
num_arena_deaths: 0.
num_vsnodes_births: 3.
num_vsnodes_deaths: 0.
num_space_committed: 1374.
num_space_uncommitted: 0.
num_chunks_returned_to_freelist: 6.
num_chunks_taken_from_freelist: 5088.
num_chunk_merges: 6.
num_chunk_splits: 3610.
num_chunks_enlarged: 2656.
num_inconsistent_stats: 0.

CodeCache: size=49152Kb used=16824Kb max_used=18429Kb free=32327Kb
 bounds [0x000001a548b80000, 0x000001a549d80000, 0x000001a54bb80000]
 total_blobs=8807 nmethods=7790 adapters=937
 compilation: enabled
              stopped_count=0, restarted_count=0
 full_count=0

Compilation events (20 events):
Event: 121.802 Thread 0x000001a59900f6d0 8769       1       java.net.InetAddress::holder (5 bytes)
Event: 121.803 Thread 0x000001a59900f6d0 nmethod 8769 0x000001a549410a10 code [0x000001a549410ba0, 0x000001a549410c70]
Event: 130.108 Thread 0x000001a59900f6d0 8770   !   1       java.lang.Thread::sleep (82 bytes)
Event: 130.109 Thread 0x000001a59900f6d0 nmethod 8770 0x000001a54940fe90 code [0x000001a549410080, 0x000001a5494103d0]
Event: 130.109 Thread 0x000001a59900f6d0 8771   !   1       java.lang.Thread::beforeSleep (33 bytes)
Event: 130.109 Thread 0x000001a59900f6d0 nmethod 8771 0x000001a54940fb90 code [0x000001a54940fd20, 0x000001a54940fdd0]
Event: 130.109 Thread 0x000001a59900f6d0 8772       1       jdk.internal.event.ThreadSleepEvent::isTurnedOn (7 bytes)
Event: 130.109 Thread 0x000001a59900f6d0 nmethod 8772 0x000001a54940f890 code [0x000001a54940fa20, 0x000001a54940fac8]
Event: 130.335 Thread 0x000001a59900f6d0 8774       1       java.util.concurrent.locks.AbstractQueuedSynchronizer$ConditionObject::awaitNanos (207 bytes)
Event: 130.336 Thread 0x000001a59900f6d0 nmethod 8774 0x000001a54940e990 code [0x000001a54940ebe0, 0x000001a54940f348]
Event: 135.147 Thread 0x000001a59900f6d0 8775   !   1       java.lang.Thread::afterSleep (13 bytes)
Event: 135.147 Thread 0x000001a59900f6d0 nmethod 8775 0x000001a54940e610 code [0x000001a54940e7a0, 0x000001a54940e898]
Event: 141.836 Thread 0x000001a59900f6d0 8776       1       org.springframework.boot.devtools.filewatch.FileSystemWatcher$Watcher::isDifferent (105 bytes)
Event: 141.837 Thread 0x000001a59900f6d0 nmethod 8776 0x000001a54940dc90 code [0x000001a54940dee0, 0x000001a54940e358]
Event: 141.837 Thread 0x000001a59900f6d0 8777       1       org.springframework.boot.devtools.filewatch.DirectorySnapshot::equals (46 bytes)
Event: 141.837 Thread 0x000001a59900f6d0 nmethod 8777 0x000001a54940d590 code [0x000001a54940d760, 0x000001a54940da38]
Event: 141.837 Thread 0x000001a59900f6d0 8778       1       java.util.Collections$UnmodifiableSet::equals (24 bytes)
Event: 141.837 Thread 0x000001a59900f6d0 nmethod 8778 0x000001a54940d210 code [0x000001a54940d3a0, 0x000001a54940d4d0]
Event: 142.706 Thread 0x000001a59900f6d0 8779       1       org.apache.tomcat.util.net.SocketProperties::getTimeoutInterval (5 bytes)
Event: 142.706 Thread 0x000001a59900f6d0 nmethod 8779 0x000001a54940cf10 code [0x000001a54940d0a0, 0x000001a54940d168]

GC Heap History (20 events):
Event: 7.398 GC heap before
{Heap before GC invocations=16 (full 0):
 garbage-first heap   total 104448K, used 80862K [0x000000070a400000, 0x0000000800000000)
  region size 2048K, 30 young (61440K), 3 survivors (6144K)
 Metaspace       used 59868K, committed 60544K, reserved 1114112K
  class space    used 8130K, committed 8448K, reserved 1048576K
}
Event: 7.403 GC heap after
{Heap after GC invocations=17 (full 0):
 garbage-first heap   total 104448K, used 28537K [0x000000070a400000, 0x0000000800000000)
  region size 2048K, 3 young (6144K), 3 survivors (6144K)
 Metaspace       used 59868K, committed 60544K, reserved 1114112K
  class space    used 8130K, committed 8448K, reserved 1048576K
}
Event: 8.018 GC heap before
{Heap before GC invocations=17 (full 0):
 garbage-first heap   total 104448K, used 83833K [0x000000070a400000, 0x0000000800000000)
  region size 2048K, 30 young (61440K), 3 survivors (6144K)
 Metaspace       used 64988K, committed 65728K, reserved 1114112K
  class space    used 8970K, committed 9280K, reserved 1048576K
}
Event: 8.022 GC heap after
{Heap after GC invocations=18 (full 0):
 garbage-first heap   total 104448K, used 29483K [0x000000070a400000, 0x0000000800000000)
  region size 2048K, 3 young (6144K), 3 survivors (6144K)
 Metaspace       used 64988K, committed 65728K, reserved 1114112K
  class space    used 8970K, committed 9280K, reserved 1048576K
}
Event: 8.876 GC heap before
{Heap before GC invocations=18 (full 0):
 garbage-first heap   total 104448K, used 84779K [0x000000070a400000, 0x0000000800000000)
  region size 2048K, 30 young (61440K), 3 survivors (6144K)
 Metaspace       used 69696K, committed 70464K, reserved 1114112K
  class space    used 9600K, committed 9920K, reserved 1048576K
}
Event: 8.881 GC heap after
{Heap after GC invocations=19 (full 0):
 garbage-first heap   total 104448K, used 32115K [0x000000070a400000, 0x0000000800000000)
  region size 2048K, 3 young (6144K), 3 survivors (6144K)
 Metaspace       used 69696K, committed 70464K, reserved 1114112K
  class space    used 9600K, committed 9920K, reserved 1048576K
}
Event: 9.327 GC heap before
{Heap before GC invocations=19 (full 0):
 garbage-first heap   total 104448K, used 85363K [0x000000070a400000, 0x0000000800000000)
  region size 2048K, 30 young (61440K), 3 survivors (6144K)
 Metaspace       used 72239K, committed 72960K, reserved 1114112K
  class space    used 9940K, committed 10240K, reserved 1048576K
}
Event: 9.334 GC heap after
{Heap after GC invocations=20 (full 0):
 garbage-first heap   total 104448K, used 39340K [0x000000070a400000, 0x0000000800000000)
  region size 2048K, 4 young (8192K), 4 survivors (8192K)
 Metaspace       used 72239K, committed 72960K, reserved 1114112K
  class space    used 9940K, committed 10240K, reserved 1048576K
}
Event: 9.462 GC heap before
{Heap before GC invocations=20 (full 0):
 garbage-first heap   total 104448K, used 84396K [0x000000070a400000, 0x0000000800000000)
  region size 2048K, 27 young (55296K), 4 survivors (8192K)
 Metaspace       used 72311K, committed 73024K, reserved 1114112K
  class space    used 9951K, committed 10240K, reserved 1048576K
}
Event: 9.470 GC heap after
{Heap after GC invocations=21 (full 0):
 garbage-first heap   total 104448K, used 47909K [0x000000070a400000, 0x0000000800000000)
  region size 2048K, 4 young (8192K), 4 survivors (8192K)
 Metaspace       used 72311K, committed 73024K, reserved 1114112K
  class space    used 9951K, committed 10240K, reserved 1048576K
}
Event: 9.563 GC heap before
{Heap before GC invocations=21 (full 0):
 garbage-first heap   total 104448K, used 84773K [0x000000070a400000, 0x0000000800000000)
  region size 2048K, 23 young (47104K), 4 survivors (8192K)
 Metaspace       used 72344K, committed 73088K, reserved 1114112K
  class space    used 9956K, committed 10304K, reserved 1048576K
}
Event: 9.569 GC heap after
{Heap after GC invocations=22 (full 0):
 garbage-first heap   total 104448K, used 56157K [0x000000070a400000, 0x0000000800000000)
  region size 2048K, 3 young (6144K), 3 survivors (6144K)
 Metaspace       used 72344K, committed 73088K, reserved 1114112K
  class space    used 9956K, committed 10304K, reserved 1048576K
}
Event: 9.631 GC heap before
{Heap before GC invocations=23 (full 0):
 garbage-first heap   total 104448K, used 84829K [0x000000070a400000, 0x0000000800000000)
  region size 2048K, 18 young (36864K), 3 survivors (6144K)
 Metaspace       used 72344K, committed 73088K, reserved 1114112K
  class space    used 9956K, committed 10304K, reserved 1048576K
}
Event: 9.636 GC heap after
{Heap after GC invocations=24 (full 0):
 garbage-first heap   total 104448K, used 63340K [0x000000070a400000, 0x0000000800000000)
  region size 2048K, 3 young (6144K), 3 survivors (6144K)
 Metaspace       used 72344K, committed 73088K, reserved 1114112K
  class space    used 9956K, committed 10304K, reserved 1048576K
}
Event: 9.857 GC heap before
{Heap before GC invocations=24 (full 0):
 garbage-first heap   total 104448K, used 87916K [0x000000070a400000, 0x0000000800000000)
  region size 2048K, 15 young (30720K), 3 survivors (6144K)
 Metaspace       used 72671K, committed 73408K, reserved 1114112K
  class space    used 10062K, committed 10368K, reserved 1048576K
}
Event: 9.861 GC heap after
{Heap after GC invocations=25 (full 0):
 garbage-first heap   total 104448K, used 63863K [0x000000070a400000, 0x0000000800000000)
  region size 2048K, 1 young (2048K), 1 survivors (2048K)
 Metaspace       used 72671K, committed 73408K, reserved 1114112K
  class space    used 10062K, committed 10368K, reserved 1048576K
}
Event: 10.163 GC heap before
{Heap before GC invocations=25 (full 0):
 garbage-first heap   total 104448K, used 88439K [0x000000070a400000, 0x0000000800000000)
  region size 2048K, 13 young (26624K), 1 survivors (2048K)
 Metaspace       used 74184K, committed 75008K, reserved 1114112K
  class space    used 10306K, committed 10688K, reserved 1048576K
}
Event: 10.166 GC heap after
{Heap after GC invocations=26 (full 0):
 garbage-first heap   total 208896K, used 64981K [0x000000070a400000, 0x0000000800000000)
  region size 2048K, 2 young (4096K), 2 survivors (4096K)
 Metaspace       used 74184K, committed 75008K, reserved 1114112K
  class space    used 10306K, committed 10688K, reserved 1048576K
}
Event: 13.331 GC heap before
{Heap before GC invocations=27 (full 0):
 garbage-first heap   total 208896K, used 176718K [0x000000070a400000, 0x0000000800000000)
  region size 2048K, 54 young (110592K), 2 survivors (4096K)
 Metaspace       used 81723K, committed 82752K, reserved 1179648K
  class space    used 11296K, committed 11776K, reserved 1048576K
}
Event: 13.341 GC heap after
{Heap after GC invocations=28 (full 0):
 garbage-first heap   total 208896K, used 72366K [0x000000070a400000, 0x0000000800000000)
  region size 2048K, 6 young (12288K), 6 survivors (12288K)
 Metaspace       used 81723K, committed 82752K, reserved 1179648K
  class space    used 11296K, committed 11776K, reserved 1048576K
}

Dll operation events (12 events):
Event: 0.039 Loaded shared library C:\pleiades\2024-09\java\21\bin\java.dll
Event: 0.603 Loaded shared library C:\pleiades\2024-09\java\21\bin\zip.dll
Event: 0.611 Loaded shared library C:\pleiades\2024-09\java\21\bin\instrument.dll
Event: 0.617 Loaded shared library C:\pleiades\2024-09\java\21\bin\net.dll
Event: 0.618 Loaded shared library C:\pleiades\2024-09\java\21\bin\nio.dll
Event: 0.624 Loaded shared library C:\pleiades\2024-09\java\21\bin\zip.dll
Event: 0.821 Loaded shared library C:\pleiades\2024-09\java\21\bin\jimage.dll
Event: 0.888 Loaded shared library C:\pleiades\2024-09\java\21\bin\management.dll
Event: 0.904 Loaded shared library C:\pleiades\2024-09\java\21\bin\management_ext.dll
Event: 1.171 Loaded shared library C:\pleiades\2024-09\java\21\bin\verify.dll
Event: 1.302 Loaded shared library C:\pleiades\2024-09\java\21\bin\extnet.dll
Event: 2.953 Loaded shared library C:\pleiades\2024-09\java\21\bin\sunmscapi.dll

Deoptimization events (20 events):
Event: 26.459 Thread 0x000001a59cf693e0 DEOPT PACKING pc=0x000001a54936a134 sp=0x0000009a8f9f9f20
Event: 26.459 Thread 0x000001a59cf693e0 DEOPT UNPACKING pc=0x000001a548bd4e42 sp=0x0000009a8f9f9498 mode 1
Event: 26.459 Thread 0x000001a59cf693e0 DEOPT PACKING pc=0x000001a54936a134 sp=0x0000009a8f9f9f20
Event: 26.459 Thread 0x000001a59cf693e0 DEOPT UNPACKING pc=0x000001a548bd4e42 sp=0x0000009a8f9f9498 mode 1
Event: 26.459 Thread 0x000001a59cf693e0 DEOPT PACKING pc=0x000001a548fb2764 sp=0x0000009a8f9f9e50
Event: 26.459 Thread 0x000001a59cf693e0 DEOPT UNPACKING pc=0x000001a548bd4e42 sp=0x0000009a8f9f9380 mode 1
Event: 26.459 Thread 0x000001a59cf693e0 DEOPT PACKING pc=0x000001a549769d4c sp=0x0000009a8f9f9f60
Event: 26.459 Thread 0x000001a59cf693e0 DEOPT UNPACKING pc=0x000001a548bd4e42 sp=0x0000009a8f9f94b8 mode 1
Event: 77.196 Thread 0x000001a599c53e60 DEOPT PACKING pc=0x000001a5492fd104 sp=0x0000009a8ddfee10
Event: 77.196 Thread 0x000001a599c53e60 DEOPT UNPACKING pc=0x000001a548bd4e42 sp=0x0000009a8ddfe2b8 mode 0
Event: 77.196 Thread 0x000001a599c53e60 DEOPT PACKING pc=0x000001a5491a029c sp=0x0000009a8ddfeed0
Event: 77.196 Thread 0x000001a599c53e60 DEOPT UNPACKING pc=0x000001a548bd4e42 sp=0x0000009a8ddfe390 mode 0
Event: 77.196 Thread 0x000001a599c53e60 DEOPT PACKING pc=0x000001a54919f2b4 sp=0x0000009a8ddfef40
Event: 77.196 Thread 0x000001a599c53e60 DEOPT UNPACKING pc=0x000001a548bd4e42 sp=0x0000009a8ddfe400 mode 0
Event: 77.196 Thread 0x000001a599c53e60 DEOPT PACKING pc=0x000001a548f9472c sp=0x0000009a8ddfefb0
Event: 77.196 Thread 0x000001a599c53e60 DEOPT UNPACKING pc=0x000001a548bd4e42 sp=0x0000009a8ddfe478 mode 0
Event: 77.196 Thread 0x000001a599c53e60 DEOPT PACKING pc=0x000001a5491eb8d4 sp=0x0000009a8ddff0a0
Event: 77.196 Thread 0x000001a599c53e60 DEOPT UNPACKING pc=0x000001a548bd4e42 sp=0x0000009a8ddfe578 mode 0
Event: 154.723 Thread 0x000001a59cf693e0 DEOPT PACKING pc=0x000001a549c0bf44 sp=0x0000009a8f9fa9b0
Event: 154.723 Thread 0x000001a59cf693e0 DEOPT UNPACKING pc=0x000001a548bd4e42 sp=0x0000009a8f9f9e58 mode 0

Classes loaded (20 events):
Event: 76.649 Loading class jdk/internal/icu/impl/UCharacterProperty
Event: 76.650 Loading class jdk/internal/icu/impl/UCharacterProperty done
Event: 76.650 Loading class jdk/internal/icu/impl/UCharacterProperty$1
Event: 76.650 Loading class jdk/internal/icu/impl/UCharacterProperty$BiDiIntProperty
Event: 76.650 Loading class jdk/internal/icu/impl/UCharacterProperty$IntProperty
Event: 76.650 Loading class jdk/internal/icu/impl/UCharacterProperty$IntProperty done
Event: 76.650 Loading class jdk/internal/icu/impl/UCharacterProperty$BiDiIntProperty done
Event: 76.650 Loading class jdk/internal/icu/impl/UCharacterProperty$1 done
Event: 76.651 Loading class jdk/internal/icu/impl/UCharacterProperty$IsAcceptable
Event: 76.651 Loading class jdk/internal/icu/impl/UCharacterProperty$IsAcceptable done
Event: 76.651 Loading class jdk/internal/icu/impl/Trie2_16
Event: 76.651 Loading class jdk/internal/icu/impl/Trie2
Event: 76.652 Loading class jdk/internal/icu/impl/Trie2 done
Event: 76.652 Loading class jdk/internal/icu/impl/Trie2_16 done
Event: 76.652 Loading class jdk/internal/icu/impl/Trie2$1
Event: 76.652 Loading class jdk/internal/icu/impl/Trie2$ValueMapper
Event: 76.652 Loading class jdk/internal/icu/impl/Trie2$ValueMapper done
Event: 76.652 Loading class jdk/internal/icu/impl/Trie2$1 done
Event: 76.652 Loading class jdk/internal/icu/impl/Trie2$UTrie2Header
Event: 76.652 Loading class jdk/internal/icu/impl/Trie2$UTrie2Header done

Classes unloaded (0 events):
No events

Classes redefined (1 events):
Event: 154.758 Thread 0x000001a553361b60 redefined class name=jp.rm.personal.controller.TaskController, count=1

Internal exceptions (20 events):
Event: 13.527 Thread 0x000001a59cf6b4b0 Exception <a 'java/lang/NoSuchMethodError'{0x00000007169c5a40}: 'void java.lang.invoke.DelegatingMethodHandle$Holder.reinvoke_L(java.lang.Object, java.lang.Object, java.lang.Object, java.lang.Object, int)'> (0x00000007169c5a40) 
thrown [s\src\hotspot\share\interpreter\linkResolver.cpp, line 773]
Event: 13.533 Thread 0x000001a59cf6b4b0 Exception <a 'java/lang/ClassNotFoundException'{0x000000071660c588}: java/util/Collections$UnmodifiableRandomAccessListBeanInfo> (0x000000071660c588) 
thrown [s\src\hotspot\share\classfile\systemDictionary.cpp, line 312]
Event: 13.534 Thread 0x000001a59cf6b4b0 Exception <a 'java/lang/ClassNotFoundException'{0x00000007166126a8}: java/util/Collections$UnmodifiableListBeanInfo> (0x00000007166126a8) 
thrown [s\src\hotspot\share\classfile\systemDictionary.cpp, line 312]
Event: 13.535 Thread 0x000001a59cf6b4b0 Exception <a 'java/lang/ClassNotFoundException'{0x0000000716618a48}: java/util/Collections$UnmodifiableListCustomizer> (0x0000000716618a48) 
thrown [s\src\hotspot\share\classfile\systemDictionary.cpp, line 312]
Event: 13.537 Thread 0x000001a59cf6b4b0 Exception <a 'java/lang/ClassNotFoundException'{0x000000071665c380}: java/util/Collections$UnmodifiableRandomAccessListCustomizer> (0x000000071665c380) 
thrown [s\src\hotspot\share\classfile\systemDictionary.cpp, line 312]
Event: 13.641 Thread 0x000001a59cf6b4b0 Exception <a 'java/lang/ClassNotFoundException'{0x00000007164d4bb0}: i18n/messages> (0x00000007164d4bb0) 
thrown [s\src\hotspot\share\prims\jni.cpp, line 539]
Event: 13.642 Thread 0x000001a59cf6b4b0 Exception <a 'java/lang/ClassNotFoundException'{0x00000007164dddf0}: i18n/messages_ja> (0x00000007164dddf0) 
thrown [s\src\hotspot\share\prims\jni.cpp, line 539]
Event: 13.643 Thread 0x000001a59cf6b4b0 Exception <a 'java/lang/ClassNotFoundException'{0x00000007164e9440}: i18n/messages_ja_JP> (0x00000007164e9440) 
thrown [s\src\hotspot\share\prims\jni.cpp, line 539]
Event: 13.651 Thread 0x000001a59cf6b4b0 Exception <a 'java/lang/NoSuchMethodError'{0x0000000716533208}: 'java.lang.Object java.lang.invoke.Invokers$Holder.linkToCallSite(java.lang.Object, java.lang.Object, int, java.lang.Object)'> (0x0000000716533208) 
thrown [s\src\hotspot\share\interpreter\linkResolver.cpp, line 773]
Event: 13.655 Thread 0x000001a59cf6b4b0 Exception <a 'java/lang/ClassNotFoundException'{0x000000071657c140}: org/thymeleaf/engine/ElementTagStructureHandlerBeanInfo> (0x000000071657c140) 
thrown [s\src\hotspot\share\classfile\systemDictionary.cpp, line 312]
Event: 13.657 Thread 0x000001a59cf6b4b0 Exception <a 'java/lang/ClassNotFoundException'{0x0000000716586048}: org/thymeleaf/engine/ElementTagStructureHandlerCustomizer> (0x0000000716586048) 
thrown [s\src\hotspot\share\classfile\systemDictionary.cpp, line 312]
Event: 13.658 Thread 0x000001a59cf6b4b0 Exception <a 'java/lang/NoSuchMethodError'{0x000000071659a810}: 'void java.lang.invoke.DirectMethodHandle$Holder.invokeInterface(java.lang.Object, java.lang.Object, java.lang.Object, int)'> (0x000000071659a810) 
thrown [s\src\hotspot\share\interpreter\linkResolver.cpp, line 773]
Event: 13.658 Thread 0x000001a59cf6b4b0 Exception <a 'java/lang/NoSuchMethodError'{0x000000071659eb70}: 'void java.lang.invoke.DirectMethodHandle$Holder.invokeSpecial(java.lang.Object, java.lang.Object, java.lang.Object, java.lang.Object, int)'> (0x000000071659eb70) 
thrown [s\src\hotspot\share\interpreter\linkResolver.cpp, line 773]
Event: 13.659 Thread 0x000001a59cf6b4b0 Exception <a 'java/lang/NoSuchMethodError'{0x00000007165a2878}: 'void java.lang.invoke.DelegatingMethodHandle$Holder.reinvoke_L(java.lang.Object, java.lang.Object, java.lang.Object, int)'> (0x00000007165a2878) 
thrown [s\src\hotspot\share\interpreter\linkResolver.cpp, line 773]
Event: 13.659 Thread 0x000001a59cf6b4b0 Exception <a 'java/lang/NoSuchMethodError'{0x00000007165ac5b0}: 'java.lang.Object java.lang.invoke.DelegatingMethodHandle$Holder.delegate(java.lang.Object, java.lang.Object, java.lang.Object, java.lang.Object, int)'> (0x00000007165ac5b0) 
thrown [s\src\hotspot\share\interpreter\linkResolver.cpp, line 773]
Event: 13.660 Thread 0x000001a59cf6b4b0 Exception <a 'java/lang/NoSuchMethodError'{0x00000007165bbc38}: 'int java.lang.invoke.DirectMethodHandle$Holder.invokeSpecial(java.lang.Object, java.lang.Object, java.lang.Object, java.lang.Object, int)'> (0x00000007165bbc38) 
thrown [s\src\hotspot\share\interpreter\linkResolver.cpp, line 773]
Event: 13.780 Thread 0x000001a59cf6cef0 Exception <a 'java/lang/NoSuchMethodError'{0x0000000715d399b8}: 'java.lang.Object java.lang.invoke.DirectMethodHandle$Holder.invokeStatic(java.lang.Object, int, int)'> (0x0000000715d399b8) 
thrown [s\src\hotspot\share\interpreter\linkResolver.cpp, line 773]
Event: 75.646 Thread 0x000001a599c53e60 Exception <a 'java/lang/NoSuchMethodError'{0x00000007138fa5a0}: 'void java.lang.invoke.DirectMethodHandle$Holder.invokeSpecialIFC(java.lang.Object, java.lang.Object, int, java.lang.Object, java.lang.Object, java.lang.Object, java.lang.Object)'> (0x00000007138fa5a0) 
thrown [s\src\hotspot\share\interpreter\linkResolver.cpp, line 773]
Event: 76.373 Thread 0x000001a599c53e60 Exception <a 'java/lang/NoSuchMethodError'{0x000000071312ec30}: 'int java.lang.invoke.Invokers$Holder.invokeExact_MT(java.lang.Object, java.lang.Object, java.lang.Object)'> (0x000000071312ec30) 
thrown [s\src\hotspot\share\interpreter\linkResolver.cpp, line 773]
Event: 76.902 Thread 0x000001a599c53e60 Exception <a 'java/lang/NoSuchMethodError'{0x0000000712cf1bb0}: 'int java.lang.invoke.DirectMethodHandle$Holder.invokeStatic(java.lang.Object, java.lang.Object, int, int)'> (0x0000000712cf1bb0) 
thrown [s\src\hotspot\share\interpreter\linkResolver.cpp, line 773]

ZGC Phase Switch (0 events):
No events

VM Operations (20 events):
Event: 92.454 Executing VM operation: Cleanup
Event: 92.454 Executing VM operation: Cleanup done
Event: 105.567 Executing VM operation: Cleanup
Event: 105.567 Executing VM operation: Cleanup done
Event: 120.248 Executing VM operation: HandshakeAllThreads (HandshakeForDeflation)
Event: 120.248 Executing VM operation: HandshakeAllThreads (HandshakeForDeflation) done
Event: 120.248 Executing VM operation: RendezvousGCThreads
Event: 120.248 Executing VM operation: RendezvousGCThreads done
Event: 122.276 Executing VM operation: Cleanup
Event: 122.276 Executing VM operation: Cleanup done
Event: 154.723 Executing VM operation: ChangeSingleStep
Event: 154.723 Executing VM operation: ChangeSingleStep done
Event: 154.723 Executing VM operation: ChangeSingleStep
Event: 154.723 Executing VM operation: ChangeSingleStep done
Event: 154.748 Executing VM operation: RedefineClasses
Event: 154.800 Executing VM operation: RedefineClasses done
Event: 154.827 Executing VM operation: ChangeBreakpoints
Event: 154.830 Executing VM operation: ChangeBreakpoints done
Event: 154.836 Executing VM operation: ChangeSingleStep
Event: 154.836 Executing VM operation: ChangeSingleStep done

Memory protections (0 events):
No events

Nmethod flushes (20 events):
Event: 10.199 Thread 0x000001a553361b60 flushing  nmethod 0x000001a549302e90
Event: 10.199 Thread 0x000001a553361b60 flushing  nmethod 0x000001a549303310
Event: 10.199 Thread 0x000001a553361b60 flushing  nmethod 0x000001a549303610
Event: 10.199 Thread 0x000001a553361b60 flushing  nmethod 0x000001a549303910
Event: 10.199 Thread 0x000001a553361b60 flushing  nmethod 0x000001a549304510
Event: 10.199 Thread 0x000001a553361b60 flushing  nmethod 0x000001a549305190
Event: 10.199 Thread 0x000001a553361b60 flushing  nmethod 0x000001a549305e10
Event: 10.199 Thread 0x000001a553361b60 flushing  nmethod 0x000001a549306190
Event: 10.199 Thread 0x000001a553361b60 flushing  nmethod 0x000001a549306590
Event: 10.199 Thread 0x000001a553361b60 flushing  nmethod 0x000001a549306c10
Event: 10.199 Thread 0x000001a553361b60 flushing  nmethod 0x000001a549307d90
Event: 10.199 Thread 0x000001a553361b60 flushing  nmethod 0x000001a549349590
Event: 10.199 Thread 0x000001a553361b60 flushing  nmethod 0x000001a5495e0710
Event: 10.199 Thread 0x000001a553361b60 flushing  nmethod 0x000001a54969f590
Event: 10.199 Thread 0x000001a553361b60 flushing  nmethod 0x000001a5496a2e10
Event: 10.199 Thread 0x000001a553361b60 flushing  nmethod 0x000001a5496a3290
Event: 10.199 Thread 0x000001a553361b60 flushing  nmethod 0x000001a5496a3d90
Event: 10.199 Thread 0x000001a553361b60 flushing  nmethod 0x000001a549969590
Event: 10.199 Thread 0x000001a553361b60 flushing  nmethod 0x000001a549969e10
Event: 10.199 Thread 0x000001a553361b60 flushing  nmethod 0x000001a549a6f310

Events (20 events):
Event: 12.107 Thread 0x000001a59a2f1bf0 Thread exited: 0x000001a59a2f1bf0
Event: 12.823 Thread 0x000001a59900f6d0 Thread added: 0x000001a599b99030
Event: 13.806 Thread 0x000001a59900f6d0 Thread added: 0x000001a59b6ca320
Event: 17.440 Thread 0x000001a59b6ca320 Thread exited: 0x000001a59b6ca320
Event: 17.441 Thread 0x000001a599b99030 Thread exited: 0x000001a599b99030
Event: 17.441 Thread 0x000001a5990feca0 Thread exited: 0x000001a5990feca0
Event: 22.624 Thread 0x000001a5990fe5f0 Thread exited: 0x000001a5990fe5f0
Event: 25.317 Thread 0x000001a59900f6d0 Thread added: 0x000001a5990fe5f0
Event: 25.320 Thread 0x000001a5990fe5f0 Thread added: 0x000001a599b99030
Event: 25.407 Thread 0x000001a59900f6d0 Thread added: 0x000001a59d133220
Event: 27.445 Thread 0x000001a59d133220 Thread exited: 0x000001a59d133220
Event: 27.445 Thread 0x000001a599b99030 Thread exited: 0x000001a599b99030
Event: 27.445 Thread 0x000001a5990fe5f0 Thread exited: 0x000001a5990fe5f0
Event: 36.369 Thread 0x000001a59900f6d0 Thread added: 0x000001a5990fe5f0
Event: 42.120 Thread 0x000001a5990fe5f0 Thread exited: 0x000001a5990fe5f0
Event: 77.198 Thread 0x000001a599c53e60 Thread exited: 0x000001a599c53e60
Event: 77.199 Thread 0x000001a59a2283d0 Thread exited: 0x000001a59a2283d0
Event: 77.202 Thread 0x000001a5404bdaf0 Thread exited: 0x000001a5404bdaf0
Event: 77.203 Thread 0x000001a59cf6e2a0 Thread added: 0x000001a59cf6e2a0
Event: 91.783 Thread 0x000001a59a28e5f0 Thread exited: 0x000001a59a28e5f0


Dynamic libraries:
0x00007ff6d3a00000 - 0x00007ff6d3a0e000 	C:\pleiades\2024-09\java\21\bin\javaw.exe
0x00007ffb38950000 - 0x00007ffb38b67000 	C:\WINDOWS\SYSTEM32\ntdll.dll
0x00007ffb37dd0000 - 0x00007ffb37e94000 	C:\WINDOWS\System32\KERNEL32.DLL
0x00007ffb35c50000 - 0x00007ffb36009000 	C:\WINDOWS\System32\KERNELBASE.dll
0x00007ffb36200000 - 0x00007ffb36311000 	C:\WINDOWS\System32\ucrtbase.dll
0x00007ffb21da0000 - 0x00007ffb21db8000 	C:\pleiades\2024-09\java\21\bin\jli.dll
0x00007ffb308a0000 - 0x00007ffb308bb000 	C:\pleiades\2024-09\java\21\bin\VCRUNTIME140.dll
0x00007ffb36670000 - 0x00007ffb3681e000 	C:\WINDOWS\System32\USER32.dll
0x00007ffb36640000 - 0x00007ffb36666000 	C:\WINDOWS\System32\win32u.dll
0x00007ffb1fab0000 - 0x00007ffb1fd42000 	C:\WINDOWS\WinSxS\amd64_microsoft.windows.common-controls_6595b64144ccf1df_6.0.22621.4391_none_2715d37f73803e96\COMCTL32.dll
0x00007ffb36c20000 - 0x00007ffb36c49000 	C:\WINDOWS\System32\GDI32.dll
0x00007ffb36010000 - 0x00007ffb3612b000 	C:\WINDOWS\System32\gdi32full.dll
0x00007ffb37f80000 - 0x00007ffb38027000 	C:\WINDOWS\System32\msvcrt.dll
0x00007ffb36160000 - 0x00007ffb361fa000 	C:\WINDOWS\System32\msvcp_win.dll
0x00007ffb36820000 - 0x00007ffb36851000 	C:\WINDOWS\System32\IMM32.DLL
0x00007ffb30890000 - 0x00007ffb3089c000 	C:\pleiades\2024-09\java\21\bin\vcruntime140_1.dll
0x00007ffb24070000 - 0x00007ffb240fe000 	C:\pleiades\2024-09\java\21\bin\msvcp140.dll
0x00007ffab73a0000 - 0x00007ffab8128000 	C:\pleiades\2024-09\java\21\bin\server\jvm.dll
0x00007ffb38030000 - 0x00007ffb380e2000 	C:\WINDOWS\System32\ADVAPI32.dll
0x00007ffb37970000 - 0x00007ffb37a17000 	C:\WINDOWS\System32\sechost.dll
0x00007ffb36130000 - 0x00007ffb36158000 	C:\WINDOWS\System32\bcrypt.dll
0x00007ffb377e0000 - 0x00007ffb378f4000 	C:\WINDOWS\System32\RPCRT4.dll
0x00007ffb36b20000 - 0x00007ffb36b91000 	C:\WINDOWS\System32\WS2_32.dll
0x00007ffb34d10000 - 0x00007ffb34d5d000 	C:\WINDOWS\SYSTEM32\POWRPROF.dll
0x00007ffb336b0000 - 0x00007ffb336e4000 	C:\WINDOWS\SYSTEM32\WINMM.dll
0x00007ffb2dfc0000 - 0x00007ffb2dfca000 	C:\WINDOWS\SYSTEM32\VERSION.dll
0x00007ffb34cf0000 - 0x00007ffb34d03000 	C:\WINDOWS\SYSTEM32\UMPDC.dll
0x00007ffb34d60000 - 0x00007ffb34d78000 	C:\WINDOWS\SYSTEM32\kernel.appcore.dll
0x00007ffb31dc0000 - 0x00007ffb31dca000 	C:\pleiades\2024-09\java\21\bin\jimage.dll
0x00007ffb333f0000 - 0x00007ffb33622000 	C:\WINDOWS\SYSTEM32\DBGHELP.DLL
0x00007ffb37a20000 - 0x00007ffb37daf000 	C:\WINDOWS\System32\combase.dll
0x00007ffb37ea0000 - 0x00007ffb37f77000 	C:\WINDOWS\System32\OLEAUT32.dll
0x00007ffb33670000 - 0x00007ffb336a2000 	C:\WINDOWS\SYSTEM32\dbgcore.DLL
0x00007ffb36390000 - 0x00007ffb3640b000 	C:\WINDOWS\System32\bcryptPrimitives.dll
0x00007ffb18d40000 - 0x00007ffb18d7c000 	C:\pleiades\2024-09\java\21\bin\jdwp.dll
0x00007ffb31db0000 - 0x00007ffb31dbf000 	C:\pleiades\2024-09\java\21\bin\instrument.dll
0x00007ffb30be0000 - 0x00007ffb30bff000 	C:\pleiades\2024-09\java\21\bin\java.dll
0x00007ffb36f60000 - 0x00007ffb377d6000 	C:\WINDOWS\System32\SHELL32.dll
0x00007ffb33b40000 - 0x00007ffb34443000 	C:\WINDOWS\SYSTEM32\windows.storage.dll
0x00007ffb33a00000 - 0x00007ffb33b3f000 	C:\WINDOWS\SYSTEM32\wintypes.dll
0x00007ffb36860000 - 0x00007ffb36959000 	C:\WINDOWS\System32\SHCORE.dll
0x00007ffb38610000 - 0x00007ffb3866e000 	C:\WINDOWS\System32\shlwapi.dll
0x00007ffb35b80000 - 0x00007ffb35bab000 	C:\WINDOWS\SYSTEM32\profapi.dll
0x00007ffb30820000 - 0x00007ffb3082b000 	C:\pleiades\2024-09\java\21\bin\dt_socket.dll
0x00007ffb346a0000 - 0x00007ffb346cd000 	C:\WINDOWS\SYSTEM32\IPHLPAPI.DLL
0x00007ffb35200000 - 0x00007ffb35269000 	C:\WINDOWS\system32\mswsock.dll
0x00007ffb346e0000 - 0x00007ffb347e2000 	C:\WINDOWS\SYSTEM32\DNSAPI.dll
0x00007ffb38720000 - 0x00007ffb38729000 	C:\WINDOWS\System32\NSI.dll
0x00007ffb29da0000 - 0x00007ffb29daa000 	C:\Windows\System32\rasadhlp.dll
0x00007ffb2cfd0000 - 0x00007ffb2d053000 	C:\WINDOWS\System32\fwpuclnt.dll
0x00007ffb215b0000 - 0x00007ffb215c8000 	C:\pleiades\2024-09\java\21\bin\zip.dll
0x00007ffb30bd0000 - 0x00007ffb30be0000 	C:\pleiades\2024-09\java\21\bin\net.dll
0x00007ffb2e390000 - 0x00007ffb2e4c6000 	C:\WINDOWS\SYSTEM32\WINHTTP.dll
0x00007ffb21590000 - 0x00007ffb215a6000 	C:\pleiades\2024-09\java\21\bin\nio.dll
0x00007ffb30880000 - 0x00007ffb3088a000 	C:\pleiades\2024-09\java\21\bin\management.dll
0x00007ffb30840000 - 0x00007ffb3084b000 	C:\pleiades\2024-09\java\21\bin\management_ext.dll
0x00007ffb37db0000 - 0x00007ffb37db8000 	C:\WINDOWS\System32\PSAPI.DLL
0x00007ffb29c10000 - 0x00007ffb29c27000 	C:\WINDOWS\system32\napinsp.dll
0x00007ffb29a90000 - 0x00007ffb29aab000 	C:\WINDOWS\system32\pnrpnsp.dll
0x00007ffb29a30000 - 0x00007ffb29a41000 	C:\WINDOWS\System32\winrnr.dll
0x00007ffb2c7d0000 - 0x00007ffb2c7e5000 	C:\WINDOWS\system32\wshbth.dll
0x00007ffb29a00000 - 0x00007ffb29a27000 	C:\WINDOWS\system32\nlansp_c.dll
0x00007ffb30830000 - 0x00007ffb30840000 	C:\pleiades\2024-09\java\21\bin\verify.dll
0x00007ffb35460000 - 0x00007ffb3547b000 	C:\WINDOWS\SYSTEM32\CRYPTSP.dll
0x00007ffb34c40000 - 0x00007ffb34c75000 	C:\WINDOWS\system32\rsaenh.dll
0x00007ffb352f0000 - 0x00007ffb35318000 	C:\WINDOWS\SYSTEM32\USERENV.dll
0x00007ffb35450000 - 0x00007ffb3545c000 	C:\WINDOWS\SYSTEM32\CRYPTBASE.dll
0x00007ffb215d0000 - 0x00007ffb215d9000 	C:\pleiades\2024-09\java\21\bin\extnet.dll
0x00007ffb1b770000 - 0x00007ffb1b77e000 	C:\pleiades\2024-09\java\21\bin\sunmscapi.dll
0x00007ffb36410000 - 0x00007ffb36576000 	C:\WINDOWS\System32\CRYPT32.dll
0x00007ffb35610000 - 0x00007ffb3563d000 	C:\WINDOWS\SYSTEM32\ncrypt.dll
0x00007ffb355d0000 - 0x00007ffb35607000 	C:\WINDOWS\SYSTEM32\NTASN1.dll
0x00007ffad6d60000 - 0x00007ffad6d68000 	C:\WINDOWS\system32\wshunix.dll

dbghelp: loaded successfully - version: 4.0.5 - missing functions: none
symbol engine: initialized successfully - sym options: 0x614 - pdb path: .;C:\pleiades\2024-09\java\21\bin;C:\WINDOWS\SYSTEM32;C:\WINDOWS\WinSxS\amd64_microsoft.windows.common-controls_6595b64144ccf1df_6.0.22621.4391_none_2715d37f73803e96;C:\pleiades\2024-09\java\21\bin\server

VM Arguments:
jvm_args: -XX:+ShowCodeDetailsInExceptionMessages -agentlib:jdwp=transport=dt_socket,suspend=y,address=localhost:64787 -Dcom.sun.management.jmxremote -Dcom.sun.management.jmxremote.port=64784 -Dcom.sun.management.jmxremote.authenticate=false -Dcom.sun.management.jmxremote.ssl=false -Djava.rmi.server.hostname=localhost -Dspring.jmx.enabled=true -Dmanagement.endpoints.jmx.exposure.include=* -Dspring.application.admin.enabled=true -XX:TieredStopAtLevel=1 -Dspring.boot.project.name=task-management -javaagent:C:\pleiades\2024-09\eclipse\configuration\org.eclipse.osgi\251\0\.cp\lib\javaagent-shaded.jar -Dfile.encoding=UTF-8 -Dstdout.encoding=UTF-8 -Dstderr.encoding=UTF-8 
java_command: jp.rm.personal.TaskManagementApplication --spring.output.ansi.enabled=always
java_class_path (initial): C:\pleiades\2024-09\workspace\task-management\target\classes;C:\Users\dream\.m2\repository\org\webjars\bootstrap\5.3.2\bootstrap-5.3.2.jar;C:\Users\dream\.m2\repository\org\webjars\webjars-locator-core\0.58\webjars-locator-core-0.58.jar;C:\Users\dream\.m2\repository\org\slf4j\slf4j-api\2.0.16\slf4j-api-2.0.16.jar;C:\Users\dream\.m2\repository\io\github\classgraph\classgraph\4.8.168\classgraph-4.8.168.jar;C:\Users\dream\.m2\repository\com\fasterxml\jackson\core\jackson-core\2.17.2\jackson-core-2.17.2.jar;C:\Users\dream\.m2\repository\org\webjars\npm\bootstrap-icons\1.11.3\bootstrap-icons-1.11.3.jar;C:\Users\dream\.m2\repository\nz\net\ultraq\thymeleaf\thymeleaf-layout-dialect\3.3.0\thymeleaf-layout-dialect-3.3.0.jar;C:\Users\dream\.m2\repository\org\apache\groovy\groovy\4.0.23\groovy-4.0.23.jar;C:\Users\dream\.m2\repository\nz\net\ultraq\groovy\groovy-extensions\2.1.0\groovy-extensions-2.1.0.jar;C:\Users\dream\.m2\repository\nz\net\ultraq\thymeleaf\thymeleaf-expression-processor\3.2.0\thymeleaf-expression-processor-3.2.0.jar;C:\Users\dream\.m2\repository\org\thymeleaf\thymeleaf\3.1.2.RELEASE\thymeleaf-3.1.2.RELEASE.jar;C:\Users\dream\.m2\repository\ognl\ognl\3.3.4\ognl-3.3.4.jar;C:\Users\dream\.m2\repository\org\javassist\javassist\3.29.0-GA\javassist-3.29.0-GA.jar;C:\Users\dream\.m2\repository\org\attoparser\attoparser\2.0.7.RELEASE\attoparser-2.0.7.RELEASE.jar;C:\Users\dream\.m2\repository\org\unbescape\unbescape\1.1.6.RELEASE\unbescape-1.1.6.RELEASE.jar;C:\Users\dream\.m2\repository\org\springframework\boot\spring-boot-starter-data-jpa\3.3.5\spring-boot-starter-data-jpa-3.3.5.jar;C:\Users\dream\.m2\repository\org\springframework\boot\spring-boot-starter-aop\3.3.5\spring-boot-starter-aop-3.3.5.jar;C:\Users\dream\.m2\repository\org\aspectj\aspectjweaver\1.9.22.1\aspectjweaver-1.9.22.1.jar;C:\Users\dream\.m2\repository\org\springframework\boot\spring-boot-starter-jdbc\3.3.5\spring-boot-starter-jdbc-3.3.5.jar;C:\Users\dream\.m2\repository\com\zaxxer\HikariCP\5.1.0\HikariCP-5.1.0.jar;C:\Users\dream\.m2\repository\org\springframework\spring-jdbc\6.1.14\spring-jdbc-6.1.14.jar;C:\Users\dream\.m2\repository\org\hibernate\orm\hibernate-core\6.5.3.Final\hibernate-core-6.5.3.Final.jar;C:\Users\dream\.m2\repository\jakarta\persistence\jakarta.persistence-api\3.1.0\jakarta.persistence-api-3.1.0.jar;C:\Users\dream\.m2\repository\jakarta\transaction\jakarta.transaction-api\2.0.1\jakarta.transaction-api-2.0.1.jar;C:\Users\dream\.m2\repository\org\jboss\logging\jboss-logging\3.5.3.Final\jboss-logging-3.5.3.Final.jar;C:\Users\dream\.m2\repository\org\hibernate\common\hibernate-commons-annotations\6.0.6.Final\hibernate-commons-annotations-6.0.6.Final.jar;C:\Users\dream\.m2\repository\io\smallrye\jandex\3.1.2\jandex-3.1.2.jar;C:\Users\dream\.m2\repository\com\fasterxml\classmate\1.7.0\classmate-1.7.0.jar;C:\Users\dream\.m2\repository\net\bytebuddy\byte-buddy\1.14.19\byte-buddy-1.14.19.jar;C:\Users\dream\.m2\repository\org\glassfish\jaxb\jaxb-runtime\4.0.5\jaxb-runtime-4.0.5.jar;C:\Users\dream\.m2\repository\org\glassfish\jaxb\jaxb-core\4.0.5\jaxb-core-4.0.5.jar;C:\Users\dream\.m2\repository\org\eclipse\angus\angus-activation\2.0.2\angus-activation-2.0.2.jar;C:\Users\dream\.m2\repository\org\glassfish\jaxb\txw2\4.0.5\txw2-4.0.5.jar;C:\Users\dream\.m2\repository\com\sun\istack\istack-commons-runtime\4.1.2\istack-commons-runtime-4.1.2.jar;C:\Users\dream\.m2\repository\jakarta\inject\jakarta.inject-api\2.0.1\jakarta.inject-api-2.0.1.jar;C:\Users\dream\.m2\repository\org\antlr\antlr4-runtime\4.13.0\antlr4-runtime-4.13.0.jar;C:\Users\dream\.m2\repository\org\springframework\data\spring-data-jpa\3.3.5\spring-data-jpa-3.3.5.jar;C:\Users\dream\.m2\repository\org\springframework\data\spring-data-commons\3.3.5\spring-data-commons-3.3.5.jar;C:\Users\dream\.m2\repository\org\springframework\spring-orm\6.1.14\spring-orm-6.1.14.jar;C:\Users\dream\.m2\repository\org\springframework\spring-context\6.1.14\spring-context-6.1.14.jar;C:\Users\dream\.m2\repository\org\springframework\spring-tx\6.1.14\spring-tx-6.1.14.jar;C:\Users\dream\.m2\repository\org\springframework\spring-beans\6.1.14\spring-beans-6.1.14.jar;C:\Users\dream\.m2\repository\jakarta\annotation\jakarta.annotation-api\2.1.1\jakarta.annotation-api-2.1.1.jar;C:\Users\dream\.m2\repository\org\springframework\spring-aspects\6.1.14\spring-aspects-6.1.14.jar;C:\Users\dream\.m2\repository\org\springframework\boot\spring-boot-starter-thymeleaf\3.3.5\spring-boot-starter-thymeleaf-3.3.5.jar;C:\Users\dream\.m2\repository\org\springframework\boot\spring-boot-starter\3.3.5\spring-boot-starter-3.3.5.jar;C:\Users\dream\.m2\repository\org\springframework\boot\spring-boot-starter-logging\3.3.5\spring-boot-starter-logging-3.3.5.jar;C:\Users\dream\.m2\repository\ch\qos\logback\logback-classic\1.5.11\logback-classic-1.5.11.jar;C:\Users\dream\.m2\repository\ch\qos\logback\logback-core\1.5.11\logback-core-1.5.11.jar;C:\Users\dream\.m2\repository\org\apache\logging\log4j\log4j-to-slf4j\2.23.1\log4j-to-slf4j-2.23.1.jar;C:\Users\dream\.m2\repository\org\apache\logging\log4j\log4j-api\2.23.1\log4j-api-2.23.1.jar;C:\Users\dream\.m2\repository\org\slf4j\jul-to-slf4j\2.0.16\jul-to-slf4j-2.0.16.jar;C:\Users\dream\.m2\repository\org\yaml\snakeyaml\2.2\snakeyaml-2.2.jar;C:\Users\dream\.m2\repository\org\thymeleaf\thymeleaf-spring6\3.1.2.RELEASE\thymeleaf-spring6-3.1.2.RELEASE.jar;C:\Users\dream\.m2\repository\org\springframework\boot\spring-boot-starter-validation\3.3.5\spring-boot-starter-validation-3.3.5.jar;C:\Users\dream\.m2\repository\org\apache\tomcat\embed\tomcat-embed-el\10.1.31\tomcat-embed-el-10.1.31.jar;C:\Users\dream\.m2\repository\org\hibernate\validator\hibernate-validator\8.0.1.Final\hibernate-validator-8.0.1.Final.jar;C:\Users\dream\.m2\repository\jakarta\validation\jakarta.validation-api\3.0.2\jakarta.validation-api-3.0.2.jar;C:\Users\dream\.m2\repository\org\springframework\boot\spring-boot-starter-web\3.3.5\spring-boot-starter-web-3.3.5.jar;C:\Users\dream\.m2\repository\org\springframework\boot\spring-boot-starter-json\3.3.5\spring-boot-starter-json-3.3.5.jar;C:\Users\dream\.m2\repository\com\fasterxml\jackson\core\jackson-databind\2.17.2\jackson-databind-2.17.2.jar;C:\Users\dream\.m2\repository\com\fasterxml\jackson\core\jackson-annotations\2.17.2\jackson-annotations-2.17.2.jar;C:\Users\dream\.m2\repository\com\fasterxml\jackson\datatype\jackson-datatype-jdk8\2.17.2\jackson-datatype-jdk8-2.17.2.jar;C:\Users\dream\.m2\repository\com\fasterxml\jackson\datatype\jackson-datatype-jsr310\2.17.2\jackson-datatype-jsr310-2.17.2.jar;C:\Users\dream\.m2\repository\com\fasterxml\jackson\module\jackson-module-parameter-names\2.17.2\jackson-module-parameter-names-2.17.2.jar;C:\Users\dream\.m2\repository\org\springframework\boot\spring-boot-starter-tomcat\3.3.5\spring-boot-starter-tomcat-3.3.5.jar;C:\Users\dream\.m2\repository\org\apache\tomcat\embed\tomcat-embed-core\10.1.31\tomcat-embed-core-10.1.31.jar;C:\Users\dream\.m2\repository\org\apache\tomcat\embed\tomcat-embed-websocket\10.1.31\tomcat-embed-websocket-10.1.31.jar;C:\Users\dream\.m2\repository\org\springframework\spring-web\6.1.14\spring-web-6.1.14.jar;C:\Users\dream\.m2\repository\io\micrometer\micrometer-observation\1.13.6\micrometer-observation-1.13.6.jar;C:\Users\dream\.m2\repository\io\micrometer\micrometer-commons\1.13.6\micrometer-commons-1.13.6.jar;C:\Users\dream\.m2\repository\org\springframework\spring-webmvc\6.1.14\spring-webmvc-6.1.14.jar;C:\Users\dream\.m2\repository\org\springframework\spring-expression\6.1.14\spring-expression-6.1.14.jar;C:\Users\dream\.m2\repository\org\springframework\boot\spring-boot-devtools\3.3.5\spring-boot-devtools-3.3.5.jar;C:\Users\dream\.m2\repository\org\springframework\boot\spring-boot\3.3.5\spring-boot-3.3.5.jar;C:\Users\dream\.m2\repository\org\springframework\boot\spring-boot-autoconfigure\3.3.5\spring-boot-autoconfigure-3.3.5.jar;C:\Users\dream\.m2\repository\com\mysql\mysql-connector-j\8.3.0\mysql-connector-j-8.3.0.jar;C:\Users\dream\.m2\repository\org\projectlombok\lombok\1.18.34\lombok-1.18.34.jar;C:\Users\dream\.m2\repository\jakarta\xml\bind\jakarta.xml.bind-api\4.0.2\jakarta.xml.bind-api-4.0.2.jar;C:\Users\dream\.m2\repository\jakarta\activation\jakarta.activation-api\2.1.3\jakarta.activation-api-2.1.3.jar;C:\Users\dream\.m2\repository\org\springframework\spring-core\6.1.14\spring-core-6.1.14.jar;C:\Users\dream\.m2\repository\org\springframework\spring-jcl\6.1.14\spring-jcl-6.1.14.jar;C:\Users\dream\.m2\repository\org\springframework\boot\spring-boot-starter-security\3.3.5\spring-boot-starter-security-3.3.5.jar;C:\Users\dream\.m2\repository\org\springframework\spring-aop\6.1.14\spring-aop-6.1.14.jar;C:\Users\dream\.m2\repository\org\springframework\security\spring-security-config\6.3.4\spring-security-config-6.3.4.jar;C:\Users\dream\.m2\repository\org\springframework\security\spring-security-web\6.3.4\spring-security-web-6.3.4.jar;C:\Users\dream\.m2\repository\org\springframework\security\spring-security-core\6.3.4\spring-security-core-6.3.4.jar;C:\Users\dream\.m2\repository\org\springframework\security\spring-security-crypto\6.3.4\spring-security-crypto-6.3.4.jar;C:\Users\dream\.m2\repository\org\webjars\datatables\1.13.5\datatables-1.13.5.jar;C:\Users\dream\.m2\repository\org\webjars\jquery\1.11.1\jquery-1.11.1.jar;C:\Users\dream\.m2\repository\org\webjars\datatables-plugins\1.13.5\datatables-plugins-1.13.5.jar;C:\Users\dream\.m2\repository\org\webjars\datatables-buttons\2.4.1\datatables-buttons-2.4.1.jar;C:\Users\dream\.m2\repository\org\webjars\jszip\3.10.1\jszip-3.10.1.jar
Launcher Type: SUN_STANDARD

[Global flags]
     intx CICompilerCount                          = 12                                        {product} {ergonomic}
     uint ConcGCThreads                            = 3                                         {product} {ergonomic}
     uint G1ConcRefinementThreads                  = 13                                        {product} {ergonomic}
   size_t G1HeapRegionSize                         = 2097152                                   {product} {ergonomic}
    uintx GCDrainStackTargetSize                   = 64                                        {product} {ergonomic}
   size_t InitialHeapSize                          = 257949696                                 {product} {ergonomic}
     bool ManagementServer                         = true                                      {product} {command line}
   size_t MarkStackSize                            = 4194304                                   {product} {ergonomic}
   size_t MaxHeapSize                              = 4123000832                                {product} {ergonomic}
   size_t MaxNewSize                               = 2472542208                                {product} {ergonomic}
   size_t MinHeapDeltaBytes                        = 2097152                                   {product} {ergonomic}
   size_t MinHeapSize                              = 8388608                                   {product} {ergonomic}
    uintx NonNMethodCodeHeapSize                   = 4096                                   {pd product} {ergonomic}
    uintx NonProfiledCodeHeapSize                  = 0                                      {pd product} {ergonomic}
     bool ProfileInterpreter                       = false                                  {pd product} {command line}
    uintx ProfiledCodeHeapSize                     = 0                                      {pd product} {ergonomic}
     bool ShowCodeDetailsInExceptionMessages       = true                                   {manageable} {command line}
   size_t SoftMaxHeapSize                          = 4123000832                             {manageable} {ergonomic}
     intx TieredStopAtLevel                        = 1                                         {product} {command line}
     bool UseCompressedOops                        = true                           {product lp64_product} {ergonomic}
     bool UseG1GC                                  = true                                      {product} {ergonomic}
     bool UseLargePagesIndividualAllocation        = false                                  {pd product} {ergonomic}

Logging:
Log output configuration:
 #0: stdout all=warning uptime,level,tags foldmultilines=false
 #1: stderr all=off uptime,level,tags foldmultilines=false

Environment Variables:
JAVA_HOME=C:\Program Files\Eclipse Adoptium\jdk-21.0.5.11-hotspot\
PATH=C:/pleiades/2024-09/java/21/bin/server;C:/pleiades/2024-09/java/21/bin;C:\Program Files\Eclipse Adoptium\jdk-21.0.5.11-hotspot\bin;C:\WINDOWS\system32;C:\WINDOWS;C:\WINDOWS\System32\Wbem;C:\WINDOWS\System32\WindowsPowerShell\v1.0\;C:\WINDOWS\System32\OpenSSH\;C:\Program Files\dotnet\;C:\Program Files\Git\cmd;C:\Program Files\PowerShell\7\;C:\Program Files\MySQL\MySQL Server 9.1\bin;C:\Users\dream\AppData\Local\Microsoft\WindowsApps;C:\Users\dream\AppData\Local\Programs\Microsoft VS Code\bin;C:\Program Files\JetBrains\IntelliJ IDEA Community Edition 2024.2.3\bin;;C:\pleiades\2024-09\eclipse;
USERNAME=dream
OS=Windows_NT
PROCESSOR_IDENTIFIER=AMD64 Family 25 Model 80 Stepping 0, AuthenticAMD
TMP=C:\Users\dream\AppData\Local\Temp
TEMP=C:\Users\dream\AppData\Local\Temp




Periodic native trim disabled

---------------  S Y S T E M  ---------------

OS:
 Windows 11 , 64 bit Build 22621 (10.0.22621.4391)
OS uptime: 0 days 1:45 hours
Hyper-V role detected

CPU: total 16 (initial active 16) (16 cores per cpu, 2 threads per core) family 25 model 80 stepping 0 microcode 0x0, cx8, cmov, fxsr, ht, mmx, 3dnowpref, sse, sse2, sse3, ssse3, sse4a, sse4.1, sse4.2, popcnt, lzcnt, tsc, tscinvbit, avx, avx2, aes, erms, clmul, bmi1, bmi2, adx, sha, fma, vzeroupper, clflush, clflushopt, hv, rdtscp, rdpid, fsrm, f16c, cet_ss
Processor Information for all 16 processors :
  Max Mhz: 2000, Current Mhz: 1972, Mhz Limit: 2000

Memory: 4k page, system-wide physical 15720M (5301M free)
TotalPageFile size 23656M (AvailPageFile size 7771M)
current process WorkingSet (physical memory assigned to process): 415M, peak: 415M
current process commit charge ("private bytes"): 464M, peak: 465M

vm_info: OpenJDK 64-Bit Server VM (21.0.4+7-LTS) for windows-amd64 JRE (21.0.4+7-LTS), built on 2024-07-16T00:00:00Z by "admin" with MS VC++ 17.7 (VS2022)

END.
